[0.041s] Invoking command in '/home/zero/Documents/challenge/AWS-JPL-OSR-Challenge/simulation_ws/build/training_grounds': CMAKE_PREFIX_PATH=/home/zero/Documents/challenge/AWS-JPL-OSR-Challenge/simulation_ws/install/rover_description:${CMAKE_PREFIX_PATH} PKG_CONFIG_PATH=/home/zero/Documents/challenge/AWS-JPL-OSR-Challenge/simulation_ws/install/rover_description/lib/x86_64-linux-gnu/pkgconfig:/home/zero/Documents/challenge/AWS-JPL-OSR-Challenge/simulation_ws/install/rover_description/lib/pkgconfig:${PKG_CONFIG_PATH} ROS_PACKAGE_PATH=/home/zero/Documents/challenge/AWS-JPL-OSR-Challenge/simulation_ws/install/rover_description/share:${ROS_PACKAGE_PATH} /usr/bin/cmake /home/zero/Documents/challenge/AWS-JPL-OSR-Challenge/simulation_ws/src/training-grounds -DCATKIN_INSTALL_INTO_PREFIX_ROOT=0 -DCMAKE_INSTALL_PREFIX=/home/zero/Documents/challenge/AWS-JPL-OSR-Challenge/simulation_ws/install/training_grounds
[0.180s] -- The C compiler identification is GNU 7.5.0
[0.289s] -- The CXX compiler identification is GNU 7.5.0
[0.298s] -- Check for working C compiler: /usr/bin/cc
[0.390s] -- Check for working C compiler: /usr/bin/cc -- works
[0.395s] -- Detecting C compiler ABI info
[0.504s] -- Detecting C compiler ABI info - done
[0.519s] -- Detecting C compile features
[0.860s] -- Detecting C compile features - done
[0.865s] -- Check for working CXX compiler: /usr/bin/c++
[0.992s] -- Check for working CXX compiler: /usr/bin/c++ -- works
[0.993s] -- Detecting CXX compiler ABI info
[1.128s] -- Detecting CXX compiler ABI info - done
[1.142s] -- Detecting CXX compile features
[1.733s] -- Detecting CXX compile features - done
[1.737s] -- Using CATKIN_DEVEL_PREFIX: /home/zero/Documents/challenge/AWS-JPL-OSR-Challenge/simulation_ws/build/training_grounds/devel
[1.737s] -- Using CMAKE_PREFIX_PATH: /home/zero/Documents/challenge/AWS-JPL-OSR-Challenge/simulation_ws/install/rover_description;/opt/ros/melodic
[1.737s] -- This workspace overlays: /home/zero/Documents/challenge/AWS-JPL-OSR-Challenge/simulation_ws/install/rover_description;/opt/ros/melodic
[1.756s] -- Found PythonInterp: /usr/bin/python2 (found suitable version "2.7.17", minimum required is "2") 
[1.756s] -- Using PYTHON_EXECUTABLE: /usr/bin/python2
[1.756s] -- Using Debian Python package layout
[1.757s] -- Using empy: /usr/bin/empy
[2.007s] -- Using CATKIN_ENABLE_TESTING: ON
[2.009s] -- Call enable_testing()
[2.010s] -- Using CATKIN_TEST_RESULTS_DIR: /home/zero/Documents/challenge/AWS-JPL-OSR-Challenge/simulation_ws/build/training_grounds/test_results
[2.037s] -- Found gtest sources under '/usr/src/googletest': gtests will be built
[2.038s] -- Found gmock sources under '/usr/src/googletest': gmock will be built
[2.055s] -- Found PythonInterp: /usr/bin/python2 (found version "2.7.17") 
[2.056s] -- Looking for pthread.h
[2.185s] -- Looking for pthread.h - found
[2.186s] -- Looking for pthread_create
[2.313s] -- Looking for pthread_create - not found
[2.313s] -- Looking for pthread_create in pthreads
[2.520s] -- Looking for pthread_create in pthreads - not found
[2.520s] -- Looking for pthread_create in pthread
[2.705s] -- Looking for pthread_create in pthread - found
[2.707s] -- Found Threads: TRUE  
[2.713s] -- Using Python nosetests: /usr/bin/nosetests-2.7
[2.780s] -- catkin 0.7.20
[2.780s] -- BUILD_SHARED_LIBS is on
[3.213s] -- Using these message generators: gencpp;geneus;genlisp;gennodejs;genpy
[3.955s] -- Configuring done
[4.004s] -- Generating done
[4.019s] -- Build files have been written to: /home/zero/Documents/challenge/AWS-JPL-OSR-Challenge/simulation_ws/build/training_grounds
[4.030s] Invoked command in '/home/zero/Documents/challenge/AWS-JPL-OSR-Challenge/simulation_ws/build/training_grounds' returned '0': CMAKE_PREFIX_PATH=/home/zero/Documents/challenge/AWS-JPL-OSR-Challenge/simulation_ws/install/rover_description:${CMAKE_PREFIX_PATH} PKG_CONFIG_PATH=/home/zero/Documents/challenge/AWS-JPL-OSR-Challenge/simulation_ws/install/rover_description/lib/x86_64-linux-gnu/pkgconfig:/home/zero/Documents/challenge/AWS-JPL-OSR-Challenge/simulation_ws/install/rover_description/lib/pkgconfig:${PKG_CONFIG_PATH} ROS_PACKAGE_PATH=/home/zero/Documents/challenge/AWS-JPL-OSR-Challenge/simulation_ws/install/rover_description/share:${ROS_PACKAGE_PATH} /usr/bin/cmake /home/zero/Documents/challenge/AWS-JPL-OSR-Challenge/simulation_ws/src/training-grounds -DCATKIN_INSTALL_INTO_PREFIX_ROOT=0 -DCMAKE_INSTALL_PREFIX=/home/zero/Documents/challenge/AWS-JPL-OSR-Challenge/simulation_ws/install/training_grounds
[4.031s] Invoking command in '/home/zero/Documents/challenge/AWS-JPL-OSR-Challenge/simulation_ws/build/training_grounds': CMAKE_PREFIX_PATH=/home/zero/Documents/challenge/AWS-JPL-OSR-Challenge/simulation_ws/install/rover_description:${CMAKE_PREFIX_PATH} PKG_CONFIG_PATH=/home/zero/Documents/challenge/AWS-JPL-OSR-Challenge/simulation_ws/install/rover_description/lib/x86_64-linux-gnu/pkgconfig:/home/zero/Documents/challenge/AWS-JPL-OSR-Challenge/simulation_ws/install/rover_description/lib/pkgconfig:${PKG_CONFIG_PATH} ROS_PACKAGE_PATH=/home/zero/Documents/challenge/AWS-JPL-OSR-Challenge/simulation_ws/install/rover_description/share:${ROS_PACKAGE_PATH} /usr/bin/cmake --build /home/zero/Documents/challenge/AWS-JPL-OSR-Challenge/simulation_ws/build/training_grounds -- -j4 -l4
[4.225s] Invoked command in '/home/zero/Documents/challenge/AWS-JPL-OSR-Challenge/simulation_ws/build/training_grounds' returned '0': CMAKE_PREFIX_PATH=/home/zero/Documents/challenge/AWS-JPL-OSR-Challenge/simulation_ws/install/rover_description:${CMAKE_PREFIX_PATH} PKG_CONFIG_PATH=/home/zero/Documents/challenge/AWS-JPL-OSR-Challenge/simulation_ws/install/rover_description/lib/x86_64-linux-gnu/pkgconfig:/home/zero/Documents/challenge/AWS-JPL-OSR-Challenge/simulation_ws/install/rover_description/lib/pkgconfig:${PKG_CONFIG_PATH} ROS_PACKAGE_PATH=/home/zero/Documents/challenge/AWS-JPL-OSR-Challenge/simulation_ws/install/rover_description/share:${ROS_PACKAGE_PATH} /usr/bin/cmake --build /home/zero/Documents/challenge/AWS-JPL-OSR-Challenge/simulation_ws/build/training_grounds -- -j4 -l4
[5.543s] Invoking command in '/home/zero/Documents/challenge/AWS-JPL-OSR-Challenge/simulation_ws/build/training_grounds': CMAKE_PREFIX_PATH=/home/zero/Documents/challenge/AWS-JPL-OSR-Challenge/simulation_ws/install/rover_description:${CMAKE_PREFIX_PATH} PKG_CONFIG_PATH=/home/zero/Documents/challenge/AWS-JPL-OSR-Challenge/simulation_ws/install/rover_description/lib/x86_64-linux-gnu/pkgconfig:/home/zero/Documents/challenge/AWS-JPL-OSR-Challenge/simulation_ws/install/rover_description/lib/pkgconfig:${PKG_CONFIG_PATH} ROS_PACKAGE_PATH=/home/zero/Documents/challenge/AWS-JPL-OSR-Challenge/simulation_ws/install/rover_description/share:${ROS_PACKAGE_PATH} /usr/bin/cmake --build /home/zero/Documents/challenge/AWS-JPL-OSR-Challenge/simulation_ws/build/training_grounds --target tests -- -j4 -l4
[5.849s] [35m[1mScanning dependencies of target tests[0m
[5.928s] Built target tests
[5.963s] Invoked command in '/home/zero/Documents/challenge/AWS-JPL-OSR-Challenge/simulation_ws/build/training_grounds' returned '0': CMAKE_PREFIX_PATH=/home/zero/Documents/challenge/AWS-JPL-OSR-Challenge/simulation_ws/install/rover_description:${CMAKE_PREFIX_PATH} PKG_CONFIG_PATH=/home/zero/Documents/challenge/AWS-JPL-OSR-Challenge/simulation_ws/install/rover_description/lib/x86_64-linux-gnu/pkgconfig:/home/zero/Documents/challenge/AWS-JPL-OSR-Challenge/simulation_ws/install/rover_description/lib/pkgconfig:${PKG_CONFIG_PATH} ROS_PACKAGE_PATH=/home/zero/Documents/challenge/AWS-JPL-OSR-Challenge/simulation_ws/install/rover_description/share:${ROS_PACKAGE_PATH} /usr/bin/cmake --build /home/zero/Documents/challenge/AWS-JPL-OSR-Challenge/simulation_ws/build/training_grounds --target tests -- -j4 -l4
[6.936s] Invoking command in '/home/zero/Documents/challenge/AWS-JPL-OSR-Challenge/simulation_ws/build/training_grounds': CMAKE_PREFIX_PATH=/home/zero/Documents/challenge/AWS-JPL-OSR-Challenge/simulation_ws/install/rover_description:${CMAKE_PREFIX_PATH} PKG_CONFIG_PATH=/home/zero/Documents/challenge/AWS-JPL-OSR-Challenge/simulation_ws/install/rover_description/lib/x86_64-linux-gnu/pkgconfig:/home/zero/Documents/challenge/AWS-JPL-OSR-Challenge/simulation_ws/install/rover_description/lib/pkgconfig:${PKG_CONFIG_PATH} ROS_PACKAGE_PATH=/home/zero/Documents/challenge/AWS-JPL-OSR-Challenge/simulation_ws/install/rover_description/share:${ROS_PACKAGE_PATH} /usr/bin/cmake --build /home/zero/Documents/challenge/AWS-JPL-OSR-Challenge/simulation_ws/build/training_grounds --target install -- -j4 -l4
[7.174s] [36mInstall the project...[0m
[7.210s] -- Install configuration: ""
[7.215s] -- Installing: /home/zero/Documents/challenge/AWS-JPL-OSR-Challenge/simulation_ws/install/training_grounds/lib/pkgconfig/training_grounds.pc
[7.215s] -- Installing: /home/zero/Documents/challenge/AWS-JPL-OSR-Challenge/simulation_ws/install/training_grounds/share/training_grounds/cmake/training_groundsConfig.cmake
[7.215s] -- Installing: /home/zero/Documents/challenge/AWS-JPL-OSR-Challenge/simulation_ws/install/training_grounds/share/training_grounds/cmake/training_groundsConfig-version.cmake
[7.215s] -- Installing: /home/zero/Documents/challenge/AWS-JPL-OSR-Challenge/simulation_ws/install/training_grounds/share/training_grounds/package.xml
[7.215s] -- Installing: /home/zero/Documents/challenge/AWS-JPL-OSR-Challenge/simulation_ws/install/training_grounds/share/training_grounds/launch
[7.215s] -- Installing: /home/zero/Documents/challenge/AWS-JPL-OSR-Challenge/simulation_ws/install/training_grounds/share/training_grounds/launch/training_full_sim.launch
[7.221s] -- Installing: /home/zero/Documents/challenge/AWS-JPL-OSR-Challenge/simulation_ws/install/training_grounds/share/training_grounds/launch/training_gear.launch
[7.221s] -- Installing: /home/zero/Documents/challenge/AWS-JPL-OSR-Challenge/simulation_ws/install/training_grounds/share/training_grounds/launch/eval.launch
[7.222s] -- Installing: /home/zero/Documents/challenge/AWS-JPL-OSR-Challenge/simulation_ws/install/training_grounds/share/training_grounds/launch/rover_training_env.launch
[7.222s] -- Installing: /home/zero/Documents/challenge/AWS-JPL-OSR-Challenge/simulation_ws/install/training_grounds/share/training_grounds/launch/training_env_only.launch
[7.223s] -- Installing: /home/zero/Documents/challenge/AWS-JPL-OSR-Challenge/simulation_ws/install/training_grounds/share/training_grounds/models
[7.223s] -- Installing: /home/zero/Documents/challenge/AWS-JPL-OSR-Challenge/simulation_ws/install/training_grounds/share/training_grounds/models/monolith
[7.223s] -- Installing: /home/zero/Documents/challenge/AWS-JPL-OSR-Challenge/simulation_ws/install/training_grounds/share/training_grounds/models/monolith/monolith.sdf
[7.223s] -- Installing: /home/zero/Documents/challenge/AWS-JPL-OSR-Challenge/simulation_ws/install/training_grounds/share/training_grounds/models/monolith/model.config
[7.224s] -- Installing: /home/zero/Documents/challenge/AWS-JPL-OSR-Challenge/simulation_ws/install/training_grounds/share/training_grounds/worlds
[7.224s] -- Installing: /home/zero/Documents/challenge/AWS-JPL-OSR-Challenge/simulation_ws/install/training_grounds/share/training_grounds/worlds/basic.world
[7.224s] -- Installing: /home/zero/Documents/challenge/AWS-JPL-OSR-Challenge/simulation_ws/install/training_grounds/lib/training_grounds/run_local_rl_agent.sh
[7.237s] Invoked command in '/home/zero/Documents/challenge/AWS-JPL-OSR-Challenge/simulation_ws/build/training_grounds' returned '0': CMAKE_PREFIX_PATH=/home/zero/Documents/challenge/AWS-JPL-OSR-Challenge/simulation_ws/install/rover_description:${CMAKE_PREFIX_PATH} PKG_CONFIG_PATH=/home/zero/Documents/challenge/AWS-JPL-OSR-Challenge/simulation_ws/install/rover_description/lib/x86_64-linux-gnu/pkgconfig:/home/zero/Documents/challenge/AWS-JPL-OSR-Challenge/simulation_ws/install/rover_description/lib/pkgconfig:${PKG_CONFIG_PATH} ROS_PACKAGE_PATH=/home/zero/Documents/challenge/AWS-JPL-OSR-Challenge/simulation_ws/install/rover_description/share:${ROS_PACKAGE_PATH} /usr/bin/cmake --build /home/zero/Documents/challenge/AWS-JPL-OSR-Challenge/simulation_ws/build/training_grounds --target install -- -j4 -l4
