[0.095s] Invoking command in '/home/zero/Documents/challenge/AWS-JPL-OSR-Challenge/simulation_ws/build/rover_description': /usr/bin/cmake --build /home/zero/Documents/challenge/AWS-JPL-OSR-Challenge/simulation_ws/build/rover_description -- -j4 -l4
[0.853s] Invoked command in '/home/zero/Documents/challenge/AWS-JPL-OSR-Challenge/simulation_ws/build/rover_description' returned '0': /usr/bin/cmake --build /home/zero/Documents/challenge/AWS-JPL-OSR-Challenge/simulation_ws/build/rover_description -- -j4 -l4
[1.013s] Invoking command in '/home/zero/Documents/challenge/AWS-JPL-OSR-Challenge/simulation_ws/build/rover_description': /usr/bin/cmake --build /home/zero/Documents/challenge/AWS-JPL-OSR-Challenge/simulation_ws/build/rover_description --target tests -- -j4 -l4
[1.191s] Built target tests
[1.226s] Invoked command in '/home/zero/Documents/challenge/AWS-JPL-OSR-Challenge/simulation_ws/build/rover_description' returned '0': /usr/bin/cmake --build /home/zero/Documents/challenge/AWS-JPL-OSR-Challenge/simulation_ws/build/rover_description --target tests -- -j4 -l4
[1.327s] Invoking command in '/home/zero/Documents/challenge/AWS-JPL-OSR-Challenge/simulation_ws/build/rover_description': /usr/bin/cmake --build /home/zero/Documents/challenge/AWS-JPL-OSR-Challenge/simulation_ws/build/rover_description --target install -- -j4 -l4
[1.453s] [36mInstall the project...[0m
[1.475s] -- Install configuration: ""
[1.476s] -- Up-to-date: /home/zero/Documents/challenge/AWS-JPL-OSR-Challenge/simulation_ws/install/rover_description/lib/pkgconfig/rover_description.pc
[1.476s] -- Up-to-date: /home/zero/Documents/challenge/AWS-JPL-OSR-Challenge/simulation_ws/install/rover_description/share/rover_description/cmake/rover_descriptionConfig.cmake
[1.477s] -- Up-to-date: /home/zero/Documents/challenge/AWS-JPL-OSR-Challenge/simulation_ws/install/rover_description/share/rover_description/cmake/rover_descriptionConfig-version.cmake
[1.477s] -- Up-to-date: /home/zero/Documents/challenge/AWS-JPL-OSR-Challenge/simulation_ws/install/rover_description/share/rover_description/package.xml
[1.478s] -- Up-to-date: /home/zero/Documents/challenge/AWS-JPL-OSR-Challenge/simulation_ws/install/rover_description/lib/rover_description/motion
[1.478s] -- Up-to-date: /home/zero/Documents/challenge/AWS-JPL-OSR-Challenge/simulation_ws/install/rover_description/share/rover_description//config
[1.479s] -- Up-to-date: /home/zero/Documents/challenge/AWS-JPL-OSR-Challenge/simulation_ws/install/rover_description/share/rover_description//config/rover_control.yaml
[1.479s] -- Up-to-date: /home/zero/Documents/challenge/AWS-JPL-OSR-Challenge/simulation_ws/install/rover_description/share/rover_description//meshes
[1.480s] -- Up-to-date: /home/zero/Documents/challenge/AWS-JPL-OSR-Challenge/simulation_ws/install/rover_description/share/rover_description//meshes/corner_lb.STL
[1.480s] -- Up-to-date: /home/zero/Documents/challenge/AWS-JPL-OSR-Challenge/simulation_ws/install/rover_description/share/rover_description//meshes/bogie_left.dae
[1.481s] -- Up-to-date: /home/zero/Documents/challenge/AWS-JPL-OSR-Challenge/simulation_ws/install/rover_description/share/rover_description//meshes/bogie_right.STL
[1.481s] -- Up-to-date: /home/zero/Documents/challenge/AWS-JPL-OSR-Challenge/simulation_ws/install/rover_description/share/rover_description//meshes/wheel_rb.dae
[1.481s] -- Up-to-date: /home/zero/Documents/challenge/AWS-JPL-OSR-Challenge/simulation_ws/install/rover_description/share/rover_description//meshes/rover_texture.jpg
[1.482s] -- Up-to-date: /home/zero/Documents/challenge/AWS-JPL-OSR-Challenge/simulation_ws/install/rover_description/share/rover_description//meshes/wheel_rm.STL
[1.482s] -- Up-to-date: /home/zero/Documents/challenge/AWS-JPL-OSR-Challenge/simulation_ws/install/rover_description/share/rover_description//meshes/rocker_right_col.STL
[1.482s] -- Up-to-date: /home/zero/Documents/challenge/AWS-JPL-OSR-Challenge/simulation_ws/install/rover_description/share/rover_description//meshes/bogie_right.dae
[1.483s] -- Up-to-date: /home/zero/Documents/challenge/AWS-JPL-OSR-Challenge/simulation_ws/install/rover_description/share/rover_description//meshes/wheel_lf.dae
[1.483s] -- Up-to-date: /home/zero/Documents/challenge/AWS-JPL-OSR-Challenge/simulation_ws/install/rover_description/share/rover_description//meshes/wheel_lm.dae
[1.483s] -- Up-to-date: /home/zero/Documents/challenge/AWS-JPL-OSR-Challenge/simulation_ws/install/rover_description/share/rover_description//meshes/wheel_rm_col.STL
[1.484s] -- Up-to-date: /home/zero/Documents/challenge/AWS-JPL-OSR-Challenge/simulation_ws/install/rover_description/share/rover_description//meshes/wheel_lf.STL
[1.484s] -- Up-to-date: /home/zero/Documents/challenge/AWS-JPL-OSR-Challenge/simulation_ws/install/rover_description/share/rover_description//meshes/lds.stl
[1.484s] -- Up-to-date: /home/zero/Documents/challenge/AWS-JPL-OSR-Challenge/simulation_ws/install/rover_description/share/rover_description//meshes/corner_lb_col.STL
[1.485s] -- Up-to-date: /home/zero/Documents/challenge/AWS-JPL-OSR-Challenge/simulation_ws/install/rover_description/share/rover_description//meshes/body_col.STL
[1.485s] -- Up-to-date: /home/zero/Documents/challenge/AWS-JPL-OSR-Challenge/simulation_ws/install/rover_description/share/rover_description//meshes/wheel_lm.STL
[1.485s] -- Up-to-date: /home/zero/Documents/challenge/AWS-JPL-OSR-Challenge/simulation_ws/install/rover_description/share/rover_description//meshes/body.dae
[1.486s] -- Up-to-date: /home/zero/Documents/challenge/AWS-JPL-OSR-Challenge/simulation_ws/install/rover_description/share/rover_description//meshes/rocker_left_col.STL
[1.486s] -- Up-to-date: /home/zero/Documents/challenge/AWS-JPL-OSR-Challenge/simulation_ws/install/rover_description/share/rover_description//meshes/corner_rb.dae
[1.487s] -- Up-to-date: /home/zero/Documents/challenge/AWS-JPL-OSR-Challenge/simulation_ws/install/rover_description/share/rover_description//meshes/wheel_lb.STL
[1.487s] -- Up-to-date: /home/zero/Documents/challenge/AWS-JPL-OSR-Challenge/simulation_ws/install/rover_description/share/rover_description//meshes/bogie_left.STL
[1.487s] -- Up-to-date: /home/zero/Documents/challenge/AWS-JPL-OSR-Challenge/simulation_ws/install/rover_description/share/rover_description//meshes/wheel_lb_col.STL
[1.488s] -- Up-to-date: /home/zero/Documents/challenge/AWS-JPL-OSR-Challenge/simulation_ws/install/rover_description/share/rover_description//meshes/wheel_rb_col.STL
[1.488s] -- Up-to-date: /home/zero/Documents/challenge/AWS-JPL-OSR-Challenge/simulation_ws/install/rover_description/share/rover_description//meshes/wheel_lb.dae
[1.488s] -- Up-to-date: /home/zero/Documents/challenge/AWS-JPL-OSR-Challenge/simulation_ws/install/rover_description/share/rover_description//meshes/corner_rf_col.STL
[1.489s] -- Up-to-date: /home/zero/Documents/challenge/AWS-JPL-OSR-Challenge/simulation_ws/install/rover_description/share/rover_description//meshes/corner_rb_col.STL
[1.489s] -- Up-to-date: /home/zero/Documents/challenge/AWS-JPL-OSR-Challenge/simulation_ws/install/rover_description/share/rover_description//meshes/wheel_rf.dae
[1.489s] -- Up-to-date: /home/zero/Documents/challenge/AWS-JPL-OSR-Challenge/simulation_ws/install/rover_description/share/rover_description//meshes/wheel_lf_col.STL
[1.490s] -- Up-to-date: /home/zero/Documents/challenge/AWS-JPL-OSR-Challenge/simulation_ws/install/rover_description/share/rover_description//meshes/corner_rf.dae
[1.490s] -- Up-to-date: /home/zero/Documents/challenge/AWS-JPL-OSR-Challenge/simulation_ws/install/rover_description/share/rover_description//meshes/corner_lf_col.STL
[1.490s] -- Up-to-date: /home/zero/Documents/challenge/AWS-JPL-OSR-Challenge/simulation_ws/install/rover_description/share/rover_description//meshes/wheel_rm.dae
[1.491s] -- Up-to-date: /home/zero/Documents/challenge/AWS-JPL-OSR-Challenge/simulation_ws/install/rover_description/share/rover_description//meshes/wheel_rb.STL
[1.491s] -- Up-to-date: /home/zero/Documents/challenge/AWS-JPL-OSR-Challenge/simulation_ws/install/rover_description/share/rover_description//meshes/corner_lf.STL
[1.491s] -- Up-to-date: /home/zero/Documents/challenge/AWS-JPL-OSR-Challenge/simulation_ws/install/rover_description/share/rover_description//meshes/wheel_rf.STL
[1.492s] -- Up-to-date: /home/zero/Documents/challenge/AWS-JPL-OSR-Challenge/simulation_ws/install/rover_description/share/rover_description//meshes/rocker_left.dae
[1.492s] -- Up-to-date: /home/zero/Documents/challenge/AWS-JPL-OSR-Challenge/simulation_ws/install/rover_description/share/rover_description//meshes/corner_lb.dae
[1.493s] -- Up-to-date: /home/zero/Documents/challenge/AWS-JPL-OSR-Challenge/simulation_ws/install/rover_description/share/rover_description//meshes/rocker_right.STL
[1.493s] -- Up-to-date: /home/zero/Documents/challenge/AWS-JPL-OSR-Challenge/simulation_ws/install/rover_description/share/rover_description//meshes/corner_rf.STL
[1.493s] -- Up-to-date: /home/zero/Documents/challenge/AWS-JPL-OSR-Challenge/simulation_ws/install/rover_description/share/rover_description//meshes/rocker_right.dae
[1.494s] -- Up-to-date: /home/zero/Documents/challenge/AWS-JPL-OSR-Challenge/simulation_ws/install/rover_description/share/rover_description//meshes/wheel_rf_col.STL
[1.494s] -- Up-to-date: /home/zero/Documents/challenge/AWS-JPL-OSR-Challenge/simulation_ws/install/rover_description/share/rover_description//meshes/corner_lf.dae
[1.495s] -- Up-to-date: /home/zero/Documents/challenge/AWS-JPL-OSR-Challenge/simulation_ws/install/rover_description/share/rover_description//meshes/bogie_right_col.STL
[1.495s] -- Up-to-date: /home/zero/Documents/challenge/AWS-JPL-OSR-Challenge/simulation_ws/install/rover_description/share/rover_description//meshes/corner_rb.STL
[1.495s] -- Up-to-date: /home/zero/Documents/challenge/AWS-JPL-OSR-Challenge/simulation_ws/install/rover_description/share/rover_description//meshes/body_bright.dae
[1.496s] -- Up-to-date: /home/zero/Documents/challenge/AWS-JPL-OSR-Challenge/simulation_ws/install/rover_description/share/rover_description//meshes/body.STL
[1.496s] -- Up-to-date: /home/zero/Documents/challenge/AWS-JPL-OSR-Challenge/simulation_ws/install/rover_description/share/rover_description//meshes/wheel_lm_col.STL
[1.497s] -- Up-to-date: /home/zero/Documents/challenge/AWS-JPL-OSR-Challenge/simulation_ws/install/rover_description/share/rover_description//meshes/bogie_left_col.STL
[1.497s] -- Up-to-date: /home/zero/Documents/challenge/AWS-JPL-OSR-Challenge/simulation_ws/install/rover_description/share/rover_description//meshes/tire_texture.jpg
[1.499s] -- Up-to-date: /home/zero/Documents/challenge/AWS-JPL-OSR-Challenge/simulation_ws/install/rover_description/share/rover_description//meshes/rocker_left.STL
[1.499s] -- Up-to-date: /home/zero/Documents/challenge/AWS-JPL-OSR-Challenge/simulation_ws/install/rover_description/share/rover_description//urdf
[1.499s] -- Up-to-date: /home/zero/Documents/challenge/AWS-JPL-OSR-Challenge/simulation_ws/install/rover_description/share/rover_description//urdf/rover_description.urdf
[1.508s] Invoked command in '/home/zero/Documents/challenge/AWS-JPL-OSR-Challenge/simulation_ws/build/rover_description' returned '0': /usr/bin/cmake --build /home/zero/Documents/challenge/AWS-JPL-OSR-Challenge/simulation_ws/build/rover_description --target install -- -j4 -l4
