[0.791s] running egg_info
[0.792s] creating /home/zero/Documents/challenge/AWS-JPL-OSR-Challenge/simulation_ws/build/markov/markov.egg-info
[0.793s] writing /home/zero/Documents/challenge/AWS-JPL-OSR-Challenge/simulation_ws/build/markov/markov.egg-info/PKG-INFO
[0.794s] writing dependency_links to /home/zero/Documents/challenge/AWS-JPL-OSR-Challenge/simulation_ws/build/markov/markov.egg-info/dependency_links.txt
[0.794s] writing entry points to /home/zero/Documents/challenge/AWS-JPL-OSR-Challenge/simulation_ws/build/markov/markov.egg-info/entry_points.txt
[0.794s] writing requirements to /home/zero/Documents/challenge/AWS-JPL-OSR-Challenge/simulation_ws/build/markov/markov.egg-info/requires.txt
[0.794s] writing top-level names to /home/zero/Documents/challenge/AWS-JPL-OSR-Challenge/simulation_ws/build/markov/markov.egg-info/top_level.txt
[0.794s] writing manifest file '/home/zero/Documents/challenge/AWS-JPL-OSR-Challenge/simulation_ws/build/markov/markov.egg-info/SOURCES.txt'
[0.902s] reading manifest file '/home/zero/Documents/challenge/AWS-JPL-OSR-Challenge/simulation_ws/build/markov/markov.egg-info/SOURCES.txt'
[0.904s] writing manifest file '/home/zero/Documents/challenge/AWS-JPL-OSR-Challenge/simulation_ws/build/markov/markov.egg-info/SOURCES.txt'
[0.905s] running build
[0.905s] running build_py
[0.905s] creating /home/zero/Documents/challenge/AWS-JPL-OSR-Challenge/simulation_ws/build/markov/build
[0.908s] creating /home/zero/Documents/challenge/AWS-JPL-OSR-Challenge/simulation_ws/build/markov/build/lib
[0.908s] creating /home/zero/Documents/challenge/AWS-JPL-OSR-Challenge/simulation_ws/build/markov/build/lib/markov
[0.908s] copying markov/model_evaluation.py -> /home/zero/Documents/challenge/AWS-JPL-OSR-Challenge/simulation_ws/build/markov/build/lib/markov
[0.909s] copying markov/utils.py -> /home/zero/Documents/challenge/AWS-JPL-OSR-Challenge/simulation_ws/build/markov/build/lib/markov
[0.909s] copying markov/rover_agent.py -> /home/zero/Documents/challenge/AWS-JPL-OSR-Challenge/simulation_ws/build/markov/build/lib/markov
[0.909s] copying markov/s3_boto_data_store.py -> /home/zero/Documents/challenge/AWS-JPL-OSR-Challenge/simulation_ws/build/markov/build/lib/markov
[0.909s] copying markov/__init__.py -> /home/zero/Documents/challenge/AWS-JPL-OSR-Challenge/simulation_ws/build/markov/build/lib/markov
[0.909s] creating /home/zero/Documents/challenge/AWS-JPL-OSR-Challenge/simulation_ws/build/markov/build/lib/markov/environments
[0.909s] copying markov/environments/training_env.py -> /home/zero/Documents/challenge/AWS-JPL-OSR-Challenge/simulation_ws/build/markov/build/lib/markov/environments
[0.914s] copying markov/environments/mars_env.py -> /home/zero/Documents/challenge/AWS-JPL-OSR-Challenge/simulation_ws/build/markov/build/lib/markov/environments
[0.915s] copying markov/environments/__init__.py -> /home/zero/Documents/challenge/AWS-JPL-OSR-Challenge/simulation_ws/build/markov/build/lib/markov/environments
[0.916s] creating /home/zero/Documents/challenge/AWS-JPL-OSR-Challenge/simulation_ws/build/markov/build/lib/markov/presets
[0.917s] copying markov/presets/training_grounds.py -> /home/zero/Documents/challenge/AWS-JPL-OSR-Challenge/simulation_ws/build/markov/build/lib/markov/presets
[0.917s] copying markov/presets/__init__.py -> /home/zero/Documents/challenge/AWS-JPL-OSR-Challenge/simulation_ws/build/markov/build/lib/markov/presets
[0.917s] copying markov/presets/mars_presets.py -> /home/zero/Documents/challenge/AWS-JPL-OSR-Challenge/simulation_ws/build/markov/build/lib/markov/presets
[0.918s] running install
[0.919s] running install_lib
[0.926s] creating /home/zero/Documents/challenge/AWS-JPL-OSR-Challenge/simulation_ws/install/markov/lib/python3.6/site-packages/markov
[0.926s] creating /home/zero/Documents/challenge/AWS-JPL-OSR-Challenge/simulation_ws/install/markov/lib/python3.6/site-packages/markov/environments
[0.926s] copying /home/zero/Documents/challenge/AWS-JPL-OSR-Challenge/simulation_ws/build/markov/build/lib/markov/environments/training_env.py -> /home/zero/Documents/challenge/AWS-JPL-OSR-Challenge/simulation_ws/install/markov/lib/python3.6/site-packages/markov/environments
[0.926s] copying /home/zero/Documents/challenge/AWS-JPL-OSR-Challenge/simulation_ws/build/markov/build/lib/markov/environments/mars_env.py -> /home/zero/Documents/challenge/AWS-JPL-OSR-Challenge/simulation_ws/install/markov/lib/python3.6/site-packages/markov/environments
[0.926s] copying /home/zero/Documents/challenge/AWS-JPL-OSR-Challenge/simulation_ws/build/markov/build/lib/markov/environments/__init__.py -> /home/zero/Documents/challenge/AWS-JPL-OSR-Challenge/simulation_ws/install/markov/lib/python3.6/site-packages/markov/environments
[0.927s] copying /home/zero/Documents/challenge/AWS-JPL-OSR-Challenge/simulation_ws/build/markov/build/lib/markov/model_evaluation.py -> /home/zero/Documents/challenge/AWS-JPL-OSR-Challenge/simulation_ws/install/markov/lib/python3.6/site-packages/markov
[0.933s] copying /home/zero/Documents/challenge/AWS-JPL-OSR-Challenge/simulation_ws/build/markov/build/lib/markov/utils.py -> /home/zero/Documents/challenge/AWS-JPL-OSR-Challenge/simulation_ws/install/markov/lib/python3.6/site-packages/markov
[0.934s] copying /home/zero/Documents/challenge/AWS-JPL-OSR-Challenge/simulation_ws/build/markov/build/lib/markov/rover_agent.py -> /home/zero/Documents/challenge/AWS-JPL-OSR-Challenge/simulation_ws/install/markov/lib/python3.6/site-packages/markov
[0.937s] copying /home/zero/Documents/challenge/AWS-JPL-OSR-Challenge/simulation_ws/build/markov/build/lib/markov/s3_boto_data_store.py -> /home/zero/Documents/challenge/AWS-JPL-OSR-Challenge/simulation_ws/install/markov/lib/python3.6/site-packages/markov
[0.937s] creating /home/zero/Documents/challenge/AWS-JPL-OSR-Challenge/simulation_ws/install/markov/lib/python3.6/site-packages/markov/presets
[0.938s] copying /home/zero/Documents/challenge/AWS-JPL-OSR-Challenge/simulation_ws/build/markov/build/lib/markov/presets/training_grounds.py -> /home/zero/Documents/challenge/AWS-JPL-OSR-Challenge/simulation_ws/install/markov/lib/python3.6/site-packages/markov/presets
[0.938s] copying /home/zero/Documents/challenge/AWS-JPL-OSR-Challenge/simulation_ws/build/markov/build/lib/markov/presets/__init__.py -> /home/zero/Documents/challenge/AWS-JPL-OSR-Challenge/simulation_ws/install/markov/lib/python3.6/site-packages/markov/presets
[0.938s] copying /home/zero/Documents/challenge/AWS-JPL-OSR-Challenge/simulation_ws/build/markov/build/lib/markov/presets/mars_presets.py -> /home/zero/Documents/challenge/AWS-JPL-OSR-Challenge/simulation_ws/install/markov/lib/python3.6/site-packages/markov/presets
[0.938s] copying /home/zero/Documents/challenge/AWS-JPL-OSR-Challenge/simulation_ws/build/markov/build/lib/markov/__init__.py -> /home/zero/Documents/challenge/AWS-JPL-OSR-Challenge/simulation_ws/install/markov/lib/python3.6/site-packages/markov
[0.939s] byte-compiling /home/zero/Documents/challenge/AWS-JPL-OSR-Challenge/simulation_ws/install/markov/lib/python3.6/site-packages/markov/environments/training_env.py to training_env.cpython-36.pyc
[0.943s] byte-compiling /home/zero/Documents/challenge/AWS-JPL-OSR-Challenge/simulation_ws/install/markov/lib/python3.6/site-packages/markov/environments/mars_env.py to mars_env.cpython-36.pyc
[0.948s] byte-compiling /home/zero/Documents/challenge/AWS-JPL-OSR-Challenge/simulation_ws/install/markov/lib/python3.6/site-packages/markov/environments/__init__.py to __init__.cpython-36.pyc
[0.948s] byte-compiling /home/zero/Documents/challenge/AWS-JPL-OSR-Challenge/simulation_ws/install/markov/lib/python3.6/site-packages/markov/model_evaluation.py to model_evaluation.cpython-36.pyc
[0.950s] byte-compiling /home/zero/Documents/challenge/AWS-JPL-OSR-Challenge/simulation_ws/install/markov/lib/python3.6/site-packages/markov/utils.py to utils.cpython-36.pyc
[0.950s] byte-compiling /home/zero/Documents/challenge/AWS-JPL-OSR-Challenge/simulation_ws/install/markov/lib/python3.6/site-packages/markov/rover_agent.py to rover_agent.cpython-36.pyc
[0.952s] byte-compiling /home/zero/Documents/challenge/AWS-JPL-OSR-Challenge/simulation_ws/install/markov/lib/python3.6/site-packages/markov/s3_boto_data_store.py to s3_boto_data_store.cpython-36.pyc
[0.963s] byte-compiling /home/zero/Documents/challenge/AWS-JPL-OSR-Challenge/simulation_ws/install/markov/lib/python3.6/site-packages/markov/presets/training_grounds.py to training_grounds.cpython-36.pyc
[0.965s] byte-compiling /home/zero/Documents/challenge/AWS-JPL-OSR-Challenge/simulation_ws/install/markov/lib/python3.6/site-packages/markov/presets/__init__.py to __init__.cpython-36.pyc
[0.965s] byte-compiling /home/zero/Documents/challenge/AWS-JPL-OSR-Challenge/simulation_ws/install/markov/lib/python3.6/site-packages/markov/presets/mars_presets.py to mars_presets.cpython-36.pyc
[0.966s] byte-compiling /home/zero/Documents/challenge/AWS-JPL-OSR-Challenge/simulation_ws/install/markov/lib/python3.6/site-packages/markov/__init__.py to __init__.cpython-36.pyc
[0.966s] running install_egg_info
[0.972s] Copying /home/zero/Documents/challenge/AWS-JPL-OSR-Challenge/simulation_ws/build/markov/markov.egg-info to /home/zero/Documents/challenge/AWS-JPL-OSR-Challenge/simulation_ws/install/markov/lib/python3.6/site-packages/markov-0.1.1-py3.6.egg-info
[0.973s] running install_scripts
[1.070s] Installing run_local_rl_agent script to /home/zero/Documents/challenge/AWS-JPL-OSR-Challenge/simulation_ws/install/markov/bin
[1.071s] writing list of installed files to '/home/zero/Documents/challenge/AWS-JPL-OSR-Challenge/simulation_ws/build/markov/install.log'
