[0.399s] Invoking command in '/home/zero/Documents/challenge/AWS-JPL-OSR-Challenge/simulation_ws/build/message_to_tf': /usr/bin/cmake /home/zero/Documents/challenge/AWS-JPL-OSR-Challenge/simulation_ws/src/rover/message_to_tf -DCATKIN_INSTALL_INTO_PREFIX_ROOT=0 -DCMAKE_INSTALL_PREFIX=/home/zero/Documents/challenge/AWS-JPL-OSR-Challenge/simulation_ws/install/message_to_tf
[0.515s] -- The C compiler identification is GNU 7.5.0
[0.658s] -- The CXX compiler identification is GNU 7.5.0
[0.685s] -- Check for working C compiler: /usr/bin/cc
[0.881s] -- Check for working C compiler: /usr/bin/cc -- works
[0.882s] -- Detecting C compiler ABI info
[1.045s] -- Detecting C compiler ABI info - done
[1.069s] -- Detecting C compile features
[1.516s] -- Detecting C compile features - done
[1.523s] -- Check for working CXX compiler: /usr/bin/c++
[1.680s] -- Check for working CXX compiler: /usr/bin/c++ -- works
[1.681s] -- Detecting CXX compiler ABI info
[1.828s] -- Detecting CXX compiler ABI info - done
[1.844s] -- Detecting CXX compile features
[2.440s] -- Detecting CXX compile features - done
[2.443s] -- Using CATKIN_DEVEL_PREFIX: /home/zero/Documents/challenge/AWS-JPL-OSR-Challenge/simulation_ws/build/message_to_tf/devel
[2.443s] -- Using CMAKE_PREFIX_PATH: /opt/ros/melodic
[2.443s] -- This workspace overlays: /opt/ros/melodic
[2.468s] -- Found PythonInterp: /usr/bin/python2 (found suitable version "2.7.17", minimum required is "2") 
[2.468s] -- Using PYTHON_EXECUTABLE: /usr/bin/python2
[2.468s] -- Using Debian Python package layout
[2.469s] -- Using empy: /usr/bin/empy
[2.721s] -- Using CATKIN_ENABLE_TESTING: ON
[2.721s] -- Call enable_testing()
[2.724s] -- Using CATKIN_TEST_RESULTS_DIR: /home/zero/Documents/challenge/AWS-JPL-OSR-Challenge/simulation_ws/build/message_to_tf/test_results
[2.756s] -- Found gtest sources under '/usr/src/googletest': gtests will be built
[2.756s] -- Found gmock sources under '/usr/src/googletest': gmock will be built
[2.781s] -- Found PythonInterp: /usr/bin/python2 (found version "2.7.17") 
[2.782s] -- Looking for pthread.h
[2.917s] -- Looking for pthread.h - found
[2.918s] -- Looking for pthread_create
[3.056s] -- Looking for pthread_create - not found
[3.056s] -- Looking for pthread_create in pthreads
[3.139s] -- Looking for pthread_create in pthreads - not found
[3.139s] -- Looking for pthread_create in pthread
[3.243s] -- Looking for pthread_create in pthread - found
[3.245s] -- Found Threads: TRUE  
[3.259s] -- Using Python nosetests: /usr/bin/nosetests-2.7
[3.323s] -- catkin 0.7.20
[3.323s] -- BUILD_SHARED_LIBS is on
[3.610s] -- Using these message generators: gencpp;geneus;genlisp;gennodejs;genpy
[3.951s] -- Configuring done
[4.012s] -- Generating done
[4.024s] -- Build files have been written to: /home/zero/Documents/challenge/AWS-JPL-OSR-Challenge/simulation_ws/build/message_to_tf
[4.032s] Invoked command in '/home/zero/Documents/challenge/AWS-JPL-OSR-Challenge/simulation_ws/build/message_to_tf' returned '0': /usr/bin/cmake /home/zero/Documents/challenge/AWS-JPL-OSR-Challenge/simulation_ws/src/rover/message_to_tf -DCATKIN_INSTALL_INTO_PREFIX_ROOT=0 -DCMAKE_INSTALL_PREFIX=/home/zero/Documents/challenge/AWS-JPL-OSR-Challenge/simulation_ws/install/message_to_tf
[4.033s] Invoking command in '/home/zero/Documents/challenge/AWS-JPL-OSR-Challenge/simulation_ws/build/message_to_tf': /usr/bin/cmake --build /home/zero/Documents/challenge/AWS-JPL-OSR-Challenge/simulation_ws/build/message_to_tf -- -j4 -l4
[4.116s] [35m[1mScanning dependencies of target message_to_tf[0m
[4.296s] [ 50%] [32mBuilding CXX object CMakeFiles/message_to_tf.dir/src/message_to_tf.cpp.o[0m
[13.174s] [100%] [32m[1mLinking CXX executable devel/lib/message_to_tf/message_to_tf[0m
[13.679s] [100%] Built target message_to_tf
[13.697s] Invoked command in '/home/zero/Documents/challenge/AWS-JPL-OSR-Challenge/simulation_ws/build/message_to_tf' returned '0': /usr/bin/cmake --build /home/zero/Documents/challenge/AWS-JPL-OSR-Challenge/simulation_ws/build/message_to_tf -- -j4 -l4
[13.794s] Invoking command in '/home/zero/Documents/challenge/AWS-JPL-OSR-Challenge/simulation_ws/build/message_to_tf': /usr/bin/cmake --build /home/zero/Documents/challenge/AWS-JPL-OSR-Challenge/simulation_ws/build/message_to_tf --target tests -- -j4 -l4
[14.011s] [35m[1mScanning dependencies of target tests[0m
[14.081s] Built target tests
[14.127s] Invoked command in '/home/zero/Documents/challenge/AWS-JPL-OSR-Challenge/simulation_ws/build/message_to_tf' returned '0': /usr/bin/cmake --build /home/zero/Documents/challenge/AWS-JPL-OSR-Challenge/simulation_ws/build/message_to_tf --target tests -- -j4 -l4
[15.339s] Invoking command in '/home/zero/Documents/challenge/AWS-JPL-OSR-Challenge/simulation_ws/build/message_to_tf': /usr/bin/cmake --build /home/zero/Documents/challenge/AWS-JPL-OSR-Challenge/simulation_ws/build/message_to_tf --target install -- -j4 -l4
[15.625s] [100%] Built target message_to_tf
[15.685s] [36mInstall the project...[0m
[15.698s] -- Install configuration: ""
[15.698s] -- Installing: /home/zero/Documents/challenge/AWS-JPL-OSR-Challenge/simulation_ws/install/message_to_tf/lib/pkgconfig/message_to_tf.pc
[15.699s] -- Installing: /home/zero/Documents/challenge/AWS-JPL-OSR-Challenge/simulation_ws/install/message_to_tf/share/message_to_tf/cmake/message_to_tfConfig.cmake
[15.699s] -- Installing: /home/zero/Documents/challenge/AWS-JPL-OSR-Challenge/simulation_ws/install/message_to_tf/share/message_to_tf/cmake/message_to_tfConfig-version.cmake
[15.700s] -- Installing: /home/zero/Documents/challenge/AWS-JPL-OSR-Challenge/simulation_ws/install/message_to_tf/share/message_to_tf/package.xml
[15.700s] -- Installing: /home/zero/Documents/challenge/AWS-JPL-OSR-Challenge/simulation_ws/install/message_to_tf/lib/message_to_tf/message_to_tf
[15.702s] -- Set runtime path of "/home/zero/Documents/challenge/AWS-JPL-OSR-Challenge/simulation_ws/install/message_to_tf/lib/message_to_tf/message_to_tf" to ""
[15.709s] Invoked command in '/home/zero/Documents/challenge/AWS-JPL-OSR-Challenge/simulation_ws/build/message_to_tf' returned '0': /usr/bin/cmake --build /home/zero/Documents/challenge/AWS-JPL-OSR-Challenge/simulation_ws/build/message_to_tf --target install -- -j4 -l4
