[0.044s] Invoking command in '/home/zero/Documents/challenge/AWS-JPL-OSR-Challenge/simulation_ws/build/hector_gazebo_plugins': /usr/bin/cmake /home/zero/Documents/challenge/AWS-JPL-OSR-Challenge/simulation_ws/src/rover/hector_gazebo_plugins -DCATKIN_INSTALL_INTO_PREFIX_ROOT=0 -DCMAKE_INSTALL_PREFIX=/home/zero/Documents/challenge/AWS-JPL-OSR-Challenge/simulation_ws/install/hector_gazebo_plugins
[0.449s] -- The C compiler identification is GNU 7.5.0
[0.690s] -- The CXX compiler identification is GNU 7.5.0
[0.700s] -- Check for working C compiler: /usr/bin/cc
[0.872s] -- Check for working C compiler: /usr/bin/cc -- works
[0.875s] -- Detecting C compiler ABI info
[1.041s] -- Detecting C compiler ABI info - done
[1.061s] -- Detecting C compile features
[1.589s] -- Detecting C compile features - done
[1.595s] -- Check for working CXX compiler: /usr/bin/c++
[1.734s] -- Check for working CXX compiler: /usr/bin/c++ -- works
[1.735s] -- Detecting CXX compiler ABI info
[1.881s] -- Detecting CXX compiler ABI info - done
[1.897s] -- Detecting CXX compile features
[2.450s] -- Detecting CXX compile features - done
[2.455s] -- Using CATKIN_DEVEL_PREFIX: /home/zero/Documents/challenge/AWS-JPL-OSR-Challenge/simulation_ws/build/hector_gazebo_plugins/devel
[2.456s] -- Using CMAKE_PREFIX_PATH: /opt/ros/melodic
[2.456s] -- This workspace overlays: /opt/ros/melodic
[2.500s] -- Found PythonInterp: /usr/bin/python2 (found suitable version "2.7.17", minimum required is "2") 
[2.500s] -- Using PYTHON_EXECUTABLE: /usr/bin/python2
[2.500s] -- Using Debian Python package layout
[2.501s] -- Using empy: /usr/bin/empy
[2.747s] -- Using CATKIN_ENABLE_TESTING: ON
[2.747s] -- Call enable_testing()
[2.749s] -- Using CATKIN_TEST_RESULTS_DIR: /home/zero/Documents/challenge/AWS-JPL-OSR-Challenge/simulation_ws/build/hector_gazebo_plugins/test_results
[2.777s] -- Found gtest sources under '/usr/src/googletest': gtests will be built
[2.777s] -- Found gmock sources under '/usr/src/googletest': gmock will be built
[2.799s] -- Found PythonInterp: /usr/bin/python2 (found version "2.7.17") 
[2.802s] -- Looking for pthread.h
[2.919s] -- Looking for pthread.h - found
[2.920s] -- Looking for pthread_create
[3.032s] -- Looking for pthread_create - not found
[3.033s] -- Looking for pthread_create in pthreads
[3.124s] -- Looking for pthread_create in pthreads - not found
[3.125s] -- Looking for pthread_create in pthread
[3.224s] -- Looking for pthread_create in pthread - found
[3.225s] -- Found Threads: TRUE  
[3.234s] -- Using Python nosetests: /usr/bin/nosetests-2.7
[3.306s] -- catkin 0.7.20
[3.307s] -- BUILD_SHARED_LIBS is on
[3.559s] -- Using these message generators: gencpp;geneus;genlisp;gennodejs;genpy
[3.811s] -- Found PkgConfig: /usr/bin/pkg-config (found version "0.29.1") 
[3.814s] -- Checking for module 'bullet>=2.82'
[3.836s] --   Found bullet, version 2.87
[3.914s] -- Found Simbody: /usr/include/simbody  
[4.078s] -- Boost version: 1.65.1
[4.078s] -- Found the following Boost libraries:
[4.078s] --   thread
[4.079s] --   signals
[4.079s] --   system
[4.079s] --   filesystem
[4.079s] --   program_options
[4.079s] --   regex
[4.079s] --   iostreams
[4.079s] --   date_time
[4.079s] --   chrono
[4.079s] --   atomic
[4.132s] -- Found Protobuf: /usr/lib/x86_64-linux-gnu/libprotobuf.so;-lpthread (found version "3.0.0") 
[4.188s] -- Boost version: 1.65.1
[4.195s] -- Looking for OGRE...
[4.197s] -- OGRE_PREFIX_WATCH changed.
[4.206s] -- Checking for module 'OGRE'
[4.229s] --   Found OGRE, version 1.9.0
[4.301s] -- Found Ogre Ghadamon (1.9.0)
[4.312s] -- Found OGRE: optimized;/usr/lib/x86_64-linux-gnu/libOgreMain.so;debug;/usr/lib/x86_64-linux-gnu/libOgreMain.so
[4.376s] -- Looking for OGRE_Paging...
[4.383s] -- Found OGRE_Paging: optimized;/usr/lib/x86_64-linux-gnu/libOgrePaging.so;debug;/usr/lib/x86_64-linux-gnu/libOgrePaging.so
[4.384s] -- Looking for OGRE_Terrain...
[4.394s] -- Found OGRE_Terrain: optimized;/usr/lib/x86_64-linux-gnu/libOgreTerrain.so;debug;/usr/lib/x86_64-linux-gnu/libOgreTerrain.so
[4.394s] -- Looking for OGRE_Property...
[4.404s] -- Found OGRE_Property: optimized;/usr/lib/x86_64-linux-gnu/libOgreProperty.so;debug;/usr/lib/x86_64-linux-gnu/libOgreProperty.so
[4.405s] -- Looking for OGRE_RTShaderSystem...
[4.416s] -- Found OGRE_RTShaderSystem: optimized;/usr/lib/x86_64-linux-gnu/libOgreRTShaderSystem.so;debug;/usr/lib/x86_64-linux-gnu/libOgreRTShaderSystem.so
[4.416s] -- Looking for OGRE_Volume...
[4.424s] -- Found OGRE_Volume: optimized;/usr/lib/x86_64-linux-gnu/libOgreVolume.so;debug;/usr/lib/x86_64-linux-gnu/libOgreVolume.so
[4.425s] -- Looking for OGRE_Overlay...
[4.436s] -- Found OGRE_Overlay: optimized;/usr/lib/x86_64-linux-gnu/libOgreOverlay.so;debug;/usr/lib/x86_64-linux-gnu/libOgreOverlay.so
[4.635s] -- Found Protobuf: /usr/lib/x86_64-linux-gnu/libprotobuf.so;-lpthread;-lpthread (found suitable version "3.0.0", minimum required is "2.3.0") 
[4.651s] -- Config-file not installed for ZeroMQ -- checking for pkg-config
[4.662s] -- Checking for module 'libzmq >= 4'
[4.705s] --   Found libzmq , version 4.2.5
[4.795s] -- Found ZeroMQ: TRUE (Required is at least version "4") 
[4.804s] -- Checking for module 'uuid'
[4.841s] --   Found uuid, version 2.31.1
[4.945s] -- Found UUID: TRUE  
[4.964s] -- Checking for module 'tinyxml2'
[5.001s] --   Found tinyxml2, version 6.0.0
[5.075s] -- Looking for dlfcn.h - found
[5.078s] -- Looking for libdl - found
[5.080s] -- Found DL: TRUE  
[5.081s] -- FreeImage.pc not found, we will search for FreeImage_INCLUDE_DIRS and FreeImage_LIBRARIES
[5.254s] -- Checking for module 'gts'
[5.299s] --   Found gts, version 0.7.6
[5.384s] -- Found GTS: TRUE  
[5.396s] -- Checking for module 'libswscale'
[5.422s] --   Found libswscale, version 4.8.100
[5.506s] -- Found SWSCALE: TRUE  
[5.530s] -- Checking for module 'libavdevice >= 56.4.100'
[5.569s] --   Found libavdevice , version 57.10.100
[5.663s] -- Found AVDEVICE: TRUE (Required is at least version "56.4.100") 
[5.681s] -- Checking for module 'libavformat'
[5.710s] --   Found libavformat, version 57.83.100
[5.798s] -- Found AVFORMAT: TRUE  
[5.807s] -- Checking for module 'libavcodec'
[5.858s] --   Found libavcodec, version 57.107.100
[5.953s] -- Found AVCODEC: TRUE  
[5.967s] -- Checking for module 'libavutil'
[5.993s] --   Found libavutil, version 55.78.100
[6.123s] -- Found AVUTIL: TRUE  
[6.148s] -- Found CURL: /usr/lib/x86_64-linux-gnu/libcurl.so (found version "7.58.0") 
[6.172s] -- Checking for module 'jsoncpp'
[6.208s] --   Found jsoncpp, version 1.7.4
[6.272s] -- Found JSONCPP: TRUE  
[6.284s] -- Checking for module 'yaml-0.1'
[6.315s] --   Found yaml-0.1, version 0.1.7
[6.395s] -- Found YAML: TRUE  
[6.403s] -- Checking for module 'libzip'
[6.435s] --   Found libzip, version 1.1.2
[6.513s] -- Found ZIP: TRUE  
[6.551s] -- Boost version: 1.65.1
[6.551s] -- Found the following Boost libraries:
[6.551s] --   thread
[6.551s] --   chrono
[6.552s] --   system
[6.552s] --   date_time
[6.552s] --   atomic
[6.842s] -- hector_gazebo_plugins: 0 messages, 1 services
[7.166s] -- Configuring done
[7.496s] -- Generating done
[7.516s] -- Build files have been written to: /home/zero/Documents/challenge/AWS-JPL-OSR-Challenge/simulation_ws/build/hector_gazebo_plugins
[7.531s] Invoked command in '/home/zero/Documents/challenge/AWS-JPL-OSR-Challenge/simulation_ws/build/hector_gazebo_plugins' returned '0': /usr/bin/cmake /home/zero/Documents/challenge/AWS-JPL-OSR-Challenge/simulation_ws/src/rover/hector_gazebo_plugins -DCATKIN_INSTALL_INTO_PREFIX_ROOT=0 -DCMAKE_INSTALL_PREFIX=/home/zero/Documents/challenge/AWS-JPL-OSR-Challenge/simulation_ws/install/hector_gazebo_plugins
[7.532s] Invoking command in '/home/zero/Documents/challenge/AWS-JPL-OSR-Challenge/simulation_ws/build/hector_gazebo_plugins': /usr/bin/cmake --build /home/zero/Documents/challenge/AWS-JPL-OSR-Challenge/simulation_ws/build/hector_gazebo_plugins -- -j4 -l4
[7.698s] [35m[1mScanning dependencies of target hector_gazebo_plugins_gencfg[0m
[7.717s] [35m[1mScanning dependencies of target hector_servo_plugin[0m
[7.727s] [35m[1mScanning dependencies of target diffdrive_plugin_6w[0m
[7.728s] [35m[1mScanning dependencies of target diffdrive_plugin_multi_wheel[0m
[7.752s] [  3%] [34m[1mGenerating dynamic reconfigure files from cfg/SensorModel.cfg: /home/zero/Documents/challenge/AWS-JPL-OSR-Challenge/simulation_ws/build/hector_gazebo_plugins/devel/include/hector_gazebo_plugins/SensorModelConfig.h /home/zero/Documents/challenge/AWS-JPL-OSR-Challenge/simulation_ws/build/hector_gazebo_plugins/devel/lib/python2.7/dist-packages/hector_gazebo_plugins/cfg/SensorModelConfig.py[0m
[7.908s] Generating reconfiguration files for SensorModel in hector_gazebo_plugins
[7.923s] Wrote header file in /home/zero/Documents/challenge/AWS-JPL-OSR-Challenge/simulation_ws/build/hector_gazebo_plugins/devel/include/hector_gazebo_plugins/SensorModelConfig.h
[7.971s] [  7%] [34m[1mGenerating dynamic reconfigure files from cfg/GNSS.cfg: /home/zero/Documents/challenge/AWS-JPL-OSR-Challenge/simulation_ws/build/hector_gazebo_plugins/devel/include/hector_gazebo_plugins/GNSSConfig.h /home/zero/Documents/challenge/AWS-JPL-OSR-Challenge/simulation_ws/build/hector_gazebo_plugins/devel/lib/python2.7/dist-packages/hector_gazebo_plugins/cfg/GNSSConfig.py[0m
[8.143s] Generating reconfiguration files for GNSS in hector_gazebo_plugins
[8.171s] Wrote header file in /home/zero/Documents/challenge/AWS-JPL-OSR-Challenge/simulation_ws/build/hector_gazebo_plugins/devel/include/hector_gazebo_plugins/GNSSConfig.h
[8.386s] [ 11%] [32mBuilding CXX object CMakeFiles/hector_servo_plugin.dir/src/servo_plugin.cpp.o[0m
[8.440s] [ 14%] [32mBuilding CXX object CMakeFiles/diffdrive_plugin_multi_wheel.dir/src/diffdrive_plugin_multi_wheel.cpp.o[0m
[8.444s] [ 18%] [32mBuilding CXX object CMakeFiles/diffdrive_plugin_6w.dir/src/diffdrive_plugin_6w.cpp.o[0m
[8.452s] [ 18%] Built target hector_gazebo_plugins_gencfg
[8.520s] [35m[1mScanning dependencies of target _hector_gazebo_plugins_generate_messages_check_deps_SetBias[0m
[8.707s] [ 18%] Built target _hector_gazebo_plugins_generate_messages_check_deps_SetBias
[8.757s] [35m[1mScanning dependencies of target geometry_msgs_generate_messages_cpp[0m
[8.806s] [ 18%] Built target geometry_msgs_generate_messages_cpp
[8.830s] [35m[1mScanning dependencies of target gazebo_ros_force_based_move[0m
[9.142s] [ 22%] [32mBuilding CXX object CMakeFiles/gazebo_ros_force_based_move.dir/src/gazebo_ros_force_based_move.cpp.o[0m
[21.165s] [ 25%] [32m[1mLinking CXX shared library devel/lib/libdiffdrive_plugin_6w.so[0m
[22.008s] [ 29%] [32m[1mLinking CXX shared library devel/lib/libhector_servo_plugin.so[0m
[22.071s] [ 29%] Built target diffdrive_plugin_6w
[22.135s] [35m[1mScanning dependencies of target geometry_msgs_generate_messages_nodejs[0m
[22.174s] [ 29%] Built target geometry_msgs_generate_messages_nodejs
[22.211s] [35m[1mScanning dependencies of target geometry_msgs_generate_messages_py[0m
[22.245s] [ 29%] Built target geometry_msgs_generate_messages_py
[22.271s] [35m[1mScanning dependencies of target geometry_msgs_generate_messages_eus[0m
[22.316s] [ 29%] Built target geometry_msgs_generate_messages_eus
[22.343s] [35m[1mScanning dependencies of target geometry_msgs_generate_messages_lisp[0m
[22.397s] [ 29%] Built target geometry_msgs_generate_messages_lisp
[22.429s] [35m[1mScanning dependencies of target hector_gazebo_reset_plugin[0m
[22.592s] [ 33%] [32mBuilding CXX object CMakeFiles/hector_gazebo_reset_plugin.dir/src/reset_plugin.cpp.o[0m
[22.972s] [ 33%] Built target hector_servo_plugin
[23.004s] [35m[1mScanning dependencies of target hector_gazebo_ros_sonar[0m
[23.165s] [ 37%] [32m[1mLinking CXX shared library devel/lib/libgazebo_ros_force_based_move.so[0m
[23.254s] [ 40%] [32mBuilding CXX object CMakeFiles/hector_gazebo_ros_sonar.dir/src/gazebo_ros_sonar.cpp.o[0m
[23.561s] [ 44%] [32m[1mLinking CXX shared library devel/lib/libdiffdrive_plugin_multi_wheel.so[0m
[24.307s] [ 44%] Built target gazebo_ros_force_based_move
[24.325s] [35m[1mScanning dependencies of target hector_gazebo_ros_magnetic[0m
[24.534s] [ 48%] [32mBuilding CXX object CMakeFiles/hector_gazebo_ros_magnetic.dir/src/gazebo_ros_magnetic.cpp.o[0m
[24.559s] [ 48%] Built target diffdrive_plugin_multi_wheel
[24.611s] [35m[1mScanning dependencies of target hector_gazebo_ros_gps[0m
[24.834s] [ 51%] [32mBuilding CXX object CMakeFiles/hector_gazebo_ros_gps.dir/src/gazebo_ros_gps.cpp.o[0m
[27.812s] [ 55%] [32m[1mLinking CXX shared library devel/lib/libhector_gazebo_reset_plugin.so[0m
[28.398s] [ 55%] Built target hector_gazebo_reset_plugin
[28.419s] [35m[1mScanning dependencies of target hector_gazebo_plugins_generate_messages_cpp[0m
[28.449s] [ 59%] [34m[1mGenerating C++ code from hector_gazebo_plugins/SetBias.srv[0m
[28.801s] [ 59%] Built target hector_gazebo_plugins_generate_messages_cpp
[28.828s] [35m[1mScanning dependencies of target hector_gazebo_plugins_generate_messages_nodejs[0m
[28.851s] [ 62%] [34m[1mGenerating Javascript code from hector_gazebo_plugins/SetBias.srv[0m
[28.930s] [ 62%] Built target hector_gazebo_plugins_generate_messages_nodejs
[28.950s] [35m[1mScanning dependencies of target hector_gazebo_plugins_generate_messages_py[0m
[28.979s] [ 66%] [34m[1mGenerating Python code from SRV hector_gazebo_plugins/SetBias[0m
[29.158s] [ 70%] [34m[1mGenerating Python srv __init__.py for hector_gazebo_plugins[0m
[29.319s] [ 70%] Built target hector_gazebo_plugins_generate_messages_py
[29.338s] [35m[1mScanning dependencies of target hector_gazebo_plugins_generate_messages_eus[0m
[29.371s] [ 74%] [34m[1mGenerating EusLisp code from hector_gazebo_plugins/SetBias.srv[0m
[29.485s] [ 77%] [34m[1mGenerating EusLisp manifest code for hector_gazebo_plugins[0m
[30.994s] [ 77%] Built target hector_gazebo_plugins_generate_messages_eus
[31.016s] [35m[1mScanning dependencies of target hector_gazebo_plugins_generate_messages_lisp[0m
[31.057s] [ 81%] [34m[1mGenerating Lisp code from hector_gazebo_plugins/SetBias.srv[0m
[31.158s] [ 81%] Built target hector_gazebo_plugins_generate_messages_lisp
[31.185s] [35m[1mScanning dependencies of target hector_gazebo_ros_imu[0m
[31.474s] [ 85%] [32mBuilding CXX object CMakeFiles/hector_gazebo_ros_imu.dir/src/gazebo_ros_imu.cpp.o[0m
[35.922s] [ 88%] [32m[1mLinking CXX shared library devel/lib/libhector_gazebo_ros_sonar.so[0m
[36.634s] [ 92%] [32m[1mLinking CXX shared library devel/lib/libhector_gazebo_ros_magnetic.so[0m
[37.500s] [ 92%] Built target hector_gazebo_ros_sonar
[37.556s] [35m[1mScanning dependencies of target hector_gazebo_plugins_generate_messages[0m
[37.603s] [ 92%] Built target hector_gazebo_plugins_generate_messages
[37.936s] [ 92%] Built target hector_gazebo_ros_magnetic
[38.243s] [ 96%] [32m[1mLinking CXX shared library devel/lib/libhector_gazebo_ros_gps.so[0m
[39.055s] [ 96%] Built target hector_gazebo_ros_gps
[42.470s] [100%] [32m[1mLinking CXX shared library devel/lib/libhector_gazebo_ros_imu.so[0m
[43.308s] [100%] Built target hector_gazebo_ros_imu
[43.324s] Invoked command in '/home/zero/Documents/challenge/AWS-JPL-OSR-Challenge/simulation_ws/build/hector_gazebo_plugins' returned '0': /usr/bin/cmake --build /home/zero/Documents/challenge/AWS-JPL-OSR-Challenge/simulation_ws/build/hector_gazebo_plugins -- -j4 -l4
[43.431s] Invoking command in '/home/zero/Documents/challenge/AWS-JPL-OSR-Challenge/simulation_ws/build/hector_gazebo_plugins': /usr/bin/cmake --build /home/zero/Documents/challenge/AWS-JPL-OSR-Challenge/simulation_ws/build/hector_gazebo_plugins --target tests -- -j4 -l4
[43.497s] [35m[1mScanning dependencies of target tests[0m
[43.509s] Built target tests
[43.522s] Invoked command in '/home/zero/Documents/challenge/AWS-JPL-OSR-Challenge/simulation_ws/build/hector_gazebo_plugins' returned '0': /usr/bin/cmake --build /home/zero/Documents/challenge/AWS-JPL-OSR-Challenge/simulation_ws/build/hector_gazebo_plugins --target tests -- -j4 -l4
[43.651s] Invoking command in '/home/zero/Documents/challenge/AWS-JPL-OSR-Challenge/simulation_ws/build/hector_gazebo_plugins': /usr/bin/cmake --build /home/zero/Documents/challenge/AWS-JPL-OSR-Challenge/simulation_ws/build/hector_gazebo_plugins --target install -- -j4 -l4
[43.787s] [  7%] Built target hector_gazebo_plugins_gencfg
[43.821s] [ 14%] Built target diffdrive_plugin_multi_wheel
[43.853s] [ 22%] Built target diffdrive_plugin_6w
[43.861s] [ 22%] Built target geometry_msgs_generate_messages_cpp
[43.872s] [ 29%] Built target hector_servo_plugin
[43.933s] [ 37%] Built target gazebo_ros_force_based_move
[43.941s] [ 37%] Built target geometry_msgs_generate_messages_py
[43.957s] [ 37%] Built target _hector_gazebo_plugins_generate_messages_check_deps_SetBias
[43.989s] [ 37%] Built target geometry_msgs_generate_messages_nodejs
[44.019s] [ 37%] Built target geometry_msgs_generate_messages_lisp
[44.031s] [ 37%] Built target geometry_msgs_generate_messages_eus
[44.045s] [ 44%] Built target hector_gazebo_reset_plugin
[44.109s] [ 51%] Built target hector_gazebo_ros_magnetic
[44.116s] [ 55%] Built target hector_gazebo_plugins_generate_messages_cpp
[44.149s] [ 66%] Built target hector_gazebo_ros_sonar
[44.152s] [ 74%] Built target hector_gazebo_plugins_generate_messages_py
[44.158s] [ 77%] Built target hector_gazebo_ros_gps
[44.201s] [ 81%] Built target hector_gazebo_plugins_generate_messages_nodejs
[44.227s] [ 85%] Built target hector_gazebo_plugins_generate_messages_lisp
[44.231s] [ 92%] Built target hector_gazebo_plugins_generate_messages_eus
[44.266s] [100%] Built target hector_gazebo_ros_imu
[44.273s] [100%] Built target hector_gazebo_plugins_generate_messages
[44.302s] [36mInstall the project...[0m
[44.320s] -- Install configuration: ""
[44.320s] -- Installing: /home/zero/Documents/challenge/AWS-JPL-OSR-Challenge/simulation_ws/install/hector_gazebo_plugins/share/hector_gazebo_plugins/srv/SetBias.srv
[44.320s] -- Installing: /home/zero/Documents/challenge/AWS-JPL-OSR-Challenge/simulation_ws/install/hector_gazebo_plugins/share/hector_gazebo_plugins/cmake/hector_gazebo_plugins-msg-paths.cmake
[44.321s] -- Installing: /home/zero/Documents/challenge/AWS-JPL-OSR-Challenge/simulation_ws/install/hector_gazebo_plugins/include/hector_gazebo_plugins
[44.321s] -- Installing: /home/zero/Documents/challenge/AWS-JPL-OSR-Challenge/simulation_ws/install/hector_gazebo_plugins/include/hector_gazebo_plugins/SetBias.h
[44.321s] -- Installing: /home/zero/Documents/challenge/AWS-JPL-OSR-Challenge/simulation_ws/install/hector_gazebo_plugins/include/hector_gazebo_plugins/SetBiasResponse.h
[44.321s] -- Installing: /home/zero/Documents/challenge/AWS-JPL-OSR-Challenge/simulation_ws/install/hector_gazebo_plugins/include/hector_gazebo_plugins/SetBiasRequest.h
[44.321s] -- Installing: /home/zero/Documents/challenge/AWS-JPL-OSR-Challenge/simulation_ws/install/hector_gazebo_plugins/include/hector_gazebo_plugins/SensorModelConfig.h
[44.322s] -- Installing: /home/zero/Documents/challenge/AWS-JPL-OSR-Challenge/simulation_ws/install/hector_gazebo_plugins/include/hector_gazebo_plugins/GNSSConfig.h
[44.322s] -- Installing: /home/zero/Documents/challenge/AWS-JPL-OSR-Challenge/simulation_ws/install/hector_gazebo_plugins/share/roseus/ros/hector_gazebo_plugins
[44.322s] -- Installing: /home/zero/Documents/challenge/AWS-JPL-OSR-Challenge/simulation_ws/install/hector_gazebo_plugins/share/roseus/ros/hector_gazebo_plugins/manifest.l
[44.322s] -- Installing: /home/zero/Documents/challenge/AWS-JPL-OSR-Challenge/simulation_ws/install/hector_gazebo_plugins/share/roseus/ros/hector_gazebo_plugins/srv
[44.322s] -- Installing: /home/zero/Documents/challenge/AWS-JPL-OSR-Challenge/simulation_ws/install/hector_gazebo_plugins/share/roseus/ros/hector_gazebo_plugins/srv/SetBias.l
[44.322s] -- Installing: /home/zero/Documents/challenge/AWS-JPL-OSR-Challenge/simulation_ws/install/hector_gazebo_plugins/share/common-lisp/ros/hector_gazebo_plugins
[44.322s] -- Installing: /home/zero/Documents/challenge/AWS-JPL-OSR-Challenge/simulation_ws/install/hector_gazebo_plugins/share/common-lisp/ros/hector_gazebo_plugins/srv
[44.322s] -- Installing: /home/zero/Documents/challenge/AWS-JPL-OSR-Challenge/simulation_ws/install/hector_gazebo_plugins/share/common-lisp/ros/hector_gazebo_plugins/srv/SetBias.lisp
[44.323s] -- Installing: /home/zero/Documents/challenge/AWS-JPL-OSR-Challenge/simulation_ws/install/hector_gazebo_plugins/share/common-lisp/ros/hector_gazebo_plugins/srv/_package.lisp
[44.324s] -- Installing: /home/zero/Documents/challenge/AWS-JPL-OSR-Challenge/simulation_ws/install/hector_gazebo_plugins/share/common-lisp/ros/hector_gazebo_plugins/srv/hector_gazebo_plugins-srv.asd
[44.324s] -- Installing: /home/zero/Documents/challenge/AWS-JPL-OSR-Challenge/simulation_ws/install/hector_gazebo_plugins/share/common-lisp/ros/hector_gazebo_plugins/srv/_package_SetBias.lisp
[44.324s] -- Installing: /home/zero/Documents/challenge/AWS-JPL-OSR-Challenge/simulation_ws/install/hector_gazebo_plugins/share/gennodejs/ros/hector_gazebo_plugins
[44.324s] -- Installing: /home/zero/Documents/challenge/AWS-JPL-OSR-Challenge/simulation_ws/install/hector_gazebo_plugins/share/gennodejs/ros/hector_gazebo_plugins/srv
[44.325s] -- Installing: /home/zero/Documents/challenge/AWS-JPL-OSR-Challenge/simulation_ws/install/hector_gazebo_plugins/share/gennodejs/ros/hector_gazebo_plugins/srv/SetBias.js
[44.325s] -- Installing: /home/zero/Documents/challenge/AWS-JPL-OSR-Challenge/simulation_ws/install/hector_gazebo_plugins/share/gennodejs/ros/hector_gazebo_plugins/srv/_index.js
[44.325s] -- Installing: /home/zero/Documents/challenge/AWS-JPL-OSR-Challenge/simulation_ws/install/hector_gazebo_plugins/share/gennodejs/ros/hector_gazebo_plugins/_index.js
[44.346s] Listing /home/zero/Documents/challenge/AWS-JPL-OSR-Challenge/simulation_ws/build/hector_gazebo_plugins/devel/lib/python2.7/dist-packages/hector_gazebo_plugins ...
[44.346s] Compiling /home/zero/Documents/challenge/AWS-JPL-OSR-Challenge/simulation_ws/build/hector_gazebo_plugins/devel/lib/python2.7/dist-packages/hector_gazebo_plugins/__init__.py ...
[44.346s] Listing /home/zero/Documents/challenge/AWS-JPL-OSR-Challenge/simulation_ws/build/hector_gazebo_plugins/devel/lib/python2.7/dist-packages/hector_gazebo_plugins/cfg ...
[44.346s] Compiling /home/zero/Documents/challenge/AWS-JPL-OSR-Challenge/simulation_ws/build/hector_gazebo_plugins/devel/lib/python2.7/dist-packages/hector_gazebo_plugins/cfg/GNSSConfig.py ...
[44.346s] Compiling /home/zero/Documents/challenge/AWS-JPL-OSR-Challenge/simulation_ws/build/hector_gazebo_plugins/devel/lib/python2.7/dist-packages/hector_gazebo_plugins/cfg/SensorModelConfig.py ...
[44.346s] Compiling /home/zero/Documents/challenge/AWS-JPL-OSR-Challenge/simulation_ws/build/hector_gazebo_plugins/devel/lib/python2.7/dist-packages/hector_gazebo_plugins/cfg/__init__.py ...
[44.346s] Listing /home/zero/Documents/challenge/AWS-JPL-OSR-Challenge/simulation_ws/build/hector_gazebo_plugins/devel/lib/python2.7/dist-packages/hector_gazebo_plugins/srv ...
[44.347s] Compiling /home/zero/Documents/challenge/AWS-JPL-OSR-Challenge/simulation_ws/build/hector_gazebo_plugins/devel/lib/python2.7/dist-packages/hector_gazebo_plugins/srv/_SetBias.py ...
[44.347s] Compiling /home/zero/Documents/challenge/AWS-JPL-OSR-Challenge/simulation_ws/build/hector_gazebo_plugins/devel/lib/python2.7/dist-packages/hector_gazebo_plugins/srv/__init__.py ...
[44.347s] -- Installing: /home/zero/Documents/challenge/AWS-JPL-OSR-Challenge/simulation_ws/install/hector_gazebo_plugins/lib/python2.7/dist-packages/hector_gazebo_plugins
[44.347s] -- Installing: /home/zero/Documents/challenge/AWS-JPL-OSR-Challenge/simulation_ws/install/hector_gazebo_plugins/lib/python2.7/dist-packages/hector_gazebo_plugins/__init__.pyc
[44.348s] -- Installing: /home/zero/Documents/challenge/AWS-JPL-OSR-Challenge/simulation_ws/install/hector_gazebo_plugins/lib/python2.7/dist-packages/hector_gazebo_plugins/cfg
[44.348s] -- Installing: /home/zero/Documents/challenge/AWS-JPL-OSR-Challenge/simulation_ws/install/hector_gazebo_plugins/lib/python2.7/dist-packages/hector_gazebo_plugins/cfg/SensorModelConfig.pyc
[44.348s] -- Installing: /home/zero/Documents/challenge/AWS-JPL-OSR-Challenge/simulation_ws/install/hector_gazebo_plugins/lib/python2.7/dist-packages/hector_gazebo_plugins/cfg/__init__.pyc
[44.348s] -- Installing: /home/zero/Documents/challenge/AWS-JPL-OSR-Challenge/simulation_ws/install/hector_gazebo_plugins/lib/python2.7/dist-packages/hector_gazebo_plugins/cfg/GNSSConfig.py
[44.348s] -- Installing: /home/zero/Documents/challenge/AWS-JPL-OSR-Challenge/simulation_ws/install/hector_gazebo_plugins/lib/python2.7/dist-packages/hector_gazebo_plugins/cfg/SensorModelConfig.py
[44.348s] -- Installing: /home/zero/Documents/challenge/AWS-JPL-OSR-Challenge/simulation_ws/install/hector_gazebo_plugins/lib/python2.7/dist-packages/hector_gazebo_plugins/cfg/__init__.py
[44.348s] -- Installing: /home/zero/Documents/challenge/AWS-JPL-OSR-Challenge/simulation_ws/install/hector_gazebo_plugins/lib/python2.7/dist-packages/hector_gazebo_plugins/cfg/GNSSConfig.pyc
[44.349s] -- Installing: /home/zero/Documents/challenge/AWS-JPL-OSR-Challenge/simulation_ws/install/hector_gazebo_plugins/lib/python2.7/dist-packages/hector_gazebo_plugins/srv
[44.349s] -- Installing: /home/zero/Documents/challenge/AWS-JPL-OSR-Challenge/simulation_ws/install/hector_gazebo_plugins/lib/python2.7/dist-packages/hector_gazebo_plugins/srv/_SetBias.py
[44.349s] -- Installing: /home/zero/Documents/challenge/AWS-JPL-OSR-Challenge/simulation_ws/install/hector_gazebo_plugins/lib/python2.7/dist-packages/hector_gazebo_plugins/srv/__init__.pyc
[44.349s] -- Installing: /home/zero/Documents/challenge/AWS-JPL-OSR-Challenge/simulation_ws/install/hector_gazebo_plugins/lib/python2.7/dist-packages/hector_gazebo_plugins/srv/_SetBias.pyc
[44.349s] -- Installing: /home/zero/Documents/challenge/AWS-JPL-OSR-Challenge/simulation_ws/install/hector_gazebo_plugins/lib/python2.7/dist-packages/hector_gazebo_plugins/srv/__init__.py
[44.349s] -- Installing: /home/zero/Documents/challenge/AWS-JPL-OSR-Challenge/simulation_ws/install/hector_gazebo_plugins/lib/python2.7/dist-packages/hector_gazebo_plugins/__init__.py
[44.349s] -- Up-to-date: /home/zero/Documents/challenge/AWS-JPL-OSR-Challenge/simulation_ws/install/hector_gazebo_plugins/include/hector_gazebo_plugins/SensorModelConfig.h
[44.349s] -- Up-to-date: /home/zero/Documents/challenge/AWS-JPL-OSR-Challenge/simulation_ws/install/hector_gazebo_plugins/include/hector_gazebo_plugins/GNSSConfig.h
[44.350s] -- Up-to-date: /home/zero/Documents/challenge/AWS-JPL-OSR-Challenge/simulation_ws/install/hector_gazebo_plugins/lib/python2.7/dist-packages/hector_gazebo_plugins/__init__.py
[44.360s] Listing /home/zero/Documents/challenge/AWS-JPL-OSR-Challenge/simulation_ws/build/hector_gazebo_plugins/devel/lib/python2.7/dist-packages/hector_gazebo_plugins/cfg ...
[44.362s] -- Up-to-date: /home/zero/Documents/challenge/AWS-JPL-OSR-Challenge/simulation_ws/install/hector_gazebo_plugins/lib/python2.7/dist-packages/hector_gazebo_plugins/cfg
[44.362s] -- Up-to-date: /home/zero/Documents/challenge/AWS-JPL-OSR-Challenge/simulation_ws/install/hector_gazebo_plugins/lib/python2.7/dist-packages/hector_gazebo_plugins/cfg/SensorModelConfig.pyc
[44.363s] -- Up-to-date: /home/zero/Documents/challenge/AWS-JPL-OSR-Challenge/simulation_ws/install/hector_gazebo_plugins/lib/python2.7/dist-packages/hector_gazebo_plugins/cfg/__init__.pyc
[44.363s] -- Up-to-date: /home/zero/Documents/challenge/AWS-JPL-OSR-Challenge/simulation_ws/install/hector_gazebo_plugins/lib/python2.7/dist-packages/hector_gazebo_plugins/cfg/GNSSConfig.py
[44.363s] -- Up-to-date: /home/zero/Documents/challenge/AWS-JPL-OSR-Challenge/simulation_ws/install/hector_gazebo_plugins/lib/python2.7/dist-packages/hector_gazebo_plugins/cfg/SensorModelConfig.py
[44.363s] -- Up-to-date: /home/zero/Documents/challenge/AWS-JPL-OSR-Challenge/simulation_ws/install/hector_gazebo_plugins/lib/python2.7/dist-packages/hector_gazebo_plugins/cfg/__init__.py
[44.363s] -- Up-to-date: /home/zero/Documents/challenge/AWS-JPL-OSR-Challenge/simulation_ws/install/hector_gazebo_plugins/lib/python2.7/dist-packages/hector_gazebo_plugins/cfg/GNSSConfig.pyc
[44.364s] -- Installing: /home/zero/Documents/challenge/AWS-JPL-OSR-Challenge/simulation_ws/install/hector_gazebo_plugins/lib/pkgconfig/hector_gazebo_plugins.pc
[44.364s] -- Installing: /home/zero/Documents/challenge/AWS-JPL-OSR-Challenge/simulation_ws/install/hector_gazebo_plugins/share/hector_gazebo_plugins/cmake/hector_gazebo_plugins-msg-extras.cmake
[44.364s] -- Installing: /home/zero/Documents/challenge/AWS-JPL-OSR-Challenge/simulation_ws/install/hector_gazebo_plugins/share/hector_gazebo_plugins/cmake/hector_gazebo_pluginsConfig.cmake
[44.364s] -- Installing: /home/zero/Documents/challenge/AWS-JPL-OSR-Challenge/simulation_ws/install/hector_gazebo_plugins/share/hector_gazebo_plugins/cmake/hector_gazebo_pluginsConfig-version.cmake
[44.364s] -- Installing: /home/zero/Documents/challenge/AWS-JPL-OSR-Challenge/simulation_ws/install/hector_gazebo_plugins/share/hector_gazebo_plugins/package.xml
[44.365s] -- Up-to-date: /home/zero/Documents/challenge/AWS-JPL-OSR-Challenge/simulation_ws/install/hector_gazebo_plugins/include/hector_gazebo_plugins
[44.365s] -- Installing: /home/zero/Documents/challenge/AWS-JPL-OSR-Challenge/simulation_ws/install/hector_gazebo_plugins/include/hector_gazebo_plugins/servo_plugin.h
[44.365s] -- Installing: /home/zero/Documents/challenge/AWS-JPL-OSR-Challenge/simulation_ws/install/hector_gazebo_plugins/include/hector_gazebo_plugins/diffdrive_plugin_6w.h
[44.365s] -- Installing: /home/zero/Documents/challenge/AWS-JPL-OSR-Challenge/simulation_ws/install/hector_gazebo_plugins/include/hector_gazebo_plugins/gazebo_ros_sonar.h
[44.365s] -- Installing: /home/zero/Documents/challenge/AWS-JPL-OSR-Challenge/simulation_ws/install/hector_gazebo_plugins/include/hector_gazebo_plugins/gazebo_ros_magnetic.h
[44.365s] -- Installing: /home/zero/Documents/challenge/AWS-JPL-OSR-Challenge/simulation_ws/install/hector_gazebo_plugins/include/hector_gazebo_plugins/gazebo_ros_gps.h
[44.365s] -- Installing: /home/zero/Documents/challenge/AWS-JPL-OSR-Challenge/simulation_ws/install/hector_gazebo_plugins/include/hector_gazebo_plugins/update_timer.h
[44.365s] -- Installing: /home/zero/Documents/challenge/AWS-JPL-OSR-Challenge/simulation_ws/install/hector_gazebo_plugins/include/hector_gazebo_plugins/reset_plugin.h
[44.366s] -- Installing: /home/zero/Documents/challenge/AWS-JPL-OSR-Challenge/simulation_ws/install/hector_gazebo_plugins/include/hector_gazebo_plugins/gazebo_ros_imu.h
[44.366s] -- Installing: /home/zero/Documents/challenge/AWS-JPL-OSR-Challenge/simulation_ws/install/hector_gazebo_plugins/include/hector_gazebo_plugins/sensor_model.h
[44.366s] -- Installing: /home/zero/Documents/challenge/AWS-JPL-OSR-Challenge/simulation_ws/install/hector_gazebo_plugins/include/hector_gazebo_plugins/diffdrive_plugin_multi_wheel.h
[44.366s] -- Installing: /home/zero/Documents/challenge/AWS-JPL-OSR-Challenge/simulation_ws/install/hector_gazebo_plugins/include/hector_gazebo_plugins/gazebo_ros_force_based_move.h
[44.366s] -- Installing: /home/zero/Documents/challenge/AWS-JPL-OSR-Challenge/simulation_ws/install/hector_gazebo_plugins/lib/libdiffdrive_plugin_6w.so
[44.366s] -- Set runtime path of "/home/zero/Documents/challenge/AWS-JPL-OSR-Challenge/simulation_ws/install/hector_gazebo_plugins/lib/libdiffdrive_plugin_6w.so" to ""
[44.367s] -- Installing: /home/zero/Documents/challenge/AWS-JPL-OSR-Challenge/simulation_ws/install/hector_gazebo_plugins/lib/libdiffdrive_plugin_multi_wheel.so
[44.368s] -- Set runtime path of "/home/zero/Documents/challenge/AWS-JPL-OSR-Challenge/simulation_ws/install/hector_gazebo_plugins/lib/libdiffdrive_plugin_multi_wheel.so" to ""
[44.368s] -- Installing: /home/zero/Documents/challenge/AWS-JPL-OSR-Challenge/simulation_ws/install/hector_gazebo_plugins/lib/libgazebo_ros_force_based_move.so
[44.370s] -- Set runtime path of "/home/zero/Documents/challenge/AWS-JPL-OSR-Challenge/simulation_ws/install/hector_gazebo_plugins/lib/libgazebo_ros_force_based_move.so" to ""
[44.370s] -- Installing: /home/zero/Documents/challenge/AWS-JPL-OSR-Challenge/simulation_ws/install/hector_gazebo_plugins/lib/libhector_gazebo_reset_plugin.so
[44.370s] -- Set runtime path of "/home/zero/Documents/challenge/AWS-JPL-OSR-Challenge/simulation_ws/install/hector_gazebo_plugins/lib/libhector_gazebo_reset_plugin.so" to ""
[44.371s] -- Installing: /home/zero/Documents/challenge/AWS-JPL-OSR-Challenge/simulation_ws/install/hector_gazebo_plugins/lib/libhector_gazebo_ros_imu.so
[44.373s] -- Set runtime path of "/home/zero/Documents/challenge/AWS-JPL-OSR-Challenge/simulation_ws/install/hector_gazebo_plugins/lib/libhector_gazebo_ros_imu.so" to ""
[44.373s] -- Installing: /home/zero/Documents/challenge/AWS-JPL-OSR-Challenge/simulation_ws/install/hector_gazebo_plugins/lib/libhector_gazebo_ros_magnetic.so
[44.375s] -- Set runtime path of "/home/zero/Documents/challenge/AWS-JPL-OSR-Challenge/simulation_ws/install/hector_gazebo_plugins/lib/libhector_gazebo_ros_magnetic.so" to ""
[44.375s] -- Installing: /home/zero/Documents/challenge/AWS-JPL-OSR-Challenge/simulation_ws/install/hector_gazebo_plugins/lib/libhector_gazebo_ros_gps.so
[44.378s] -- Set runtime path of "/home/zero/Documents/challenge/AWS-JPL-OSR-Challenge/simulation_ws/install/hector_gazebo_plugins/lib/libhector_gazebo_ros_gps.so" to ""
[44.378s] -- Installing: /home/zero/Documents/challenge/AWS-JPL-OSR-Challenge/simulation_ws/install/hector_gazebo_plugins/lib/libhector_gazebo_ros_sonar.so
[44.380s] -- Set runtime path of "/home/zero/Documents/challenge/AWS-JPL-OSR-Challenge/simulation_ws/install/hector_gazebo_plugins/lib/libhector_gazebo_ros_sonar.so" to ""
[44.380s] -- Installing: /home/zero/Documents/challenge/AWS-JPL-OSR-Challenge/simulation_ws/install/hector_gazebo_plugins/lib/libhector_servo_plugin.so
[44.381s] -- Set runtime path of "/home/zero/Documents/challenge/AWS-JPL-OSR-Challenge/simulation_ws/install/hector_gazebo_plugins/lib/libhector_servo_plugin.so" to ""
[44.387s] Invoked command in '/home/zero/Documents/challenge/AWS-JPL-OSR-Challenge/simulation_ws/build/hector_gazebo_plugins' returned '0': /usr/bin/cmake --build /home/zero/Documents/challenge/AWS-JPL-OSR-Challenge/simulation_ws/build/hector_gazebo_plugins --target install -- -j4 -l4
