[0.033s] Invoking command in '/home/zero/Documents/challenge/AWS-JPL-OSR-Challenge/simulation_ws/build/mars': CMAKE_PREFIX_PATH=/home/zero/Documents/challenge/AWS-JPL-OSR-Challenge/simulation_ws/install/rover_description:${CMAKE_PREFIX_PATH} PKG_CONFIG_PATH=/home/zero/Documents/challenge/AWS-JPL-OSR-Challenge/simulation_ws/install/rover_description/lib/x86_64-linux-gnu/pkgconfig:/home/zero/Documents/challenge/AWS-JPL-OSR-Challenge/simulation_ws/install/rover_description/lib/pkgconfig:${PKG_CONFIG_PATH} ROS_PACKAGE_PATH=/home/zero/Documents/challenge/AWS-JPL-OSR-Challenge/simulation_ws/install/rover_description/share:${ROS_PACKAGE_PATH} /usr/bin/cmake /home/zero/Documents/challenge/AWS-JPL-OSR-Challenge/simulation_ws/src/mars -DCATKIN_INSTALL_INTO_PREFIX_ROOT=0 -DCMAKE_INSTALL_PREFIX=/home/zero/Documents/challenge/AWS-JPL-OSR-Challenge/simulation_ws/install/mars
[0.159s] -- The C compiler identification is GNU 7.5.0
[0.252s] -- The CXX compiler identification is GNU 7.5.0
[0.258s] -- Check for working C compiler: /usr/bin/cc
[0.371s] -- Check for working C compiler: /usr/bin/cc -- works
[0.371s] -- Detecting C compiler ABI info
[0.469s] -- Detecting C compiler ABI info - done
[0.483s] -- Detecting C compile features
[0.854s] -- Detecting C compile features - done
[0.859s] -- Check for working CXX compiler: /usr/bin/c++
[1.011s] -- Check for working CXX compiler: /usr/bin/c++ -- works
[1.012s] -- Detecting CXX compiler ABI info
[1.130s] -- Detecting CXX compiler ABI info - done
[1.144s] -- Detecting CXX compile features
[1.769s] -- Detecting CXX compile features - done
[1.773s] -- Using CATKIN_DEVEL_PREFIX: /home/zero/Documents/challenge/AWS-JPL-OSR-Challenge/simulation_ws/build/mars/devel
[1.774s] -- Using CMAKE_PREFIX_PATH: /home/zero/Documents/challenge/AWS-JPL-OSR-Challenge/simulation_ws/install/rover_description;/opt/ros/melodic
[1.774s] -- This workspace overlays: /home/zero/Documents/challenge/AWS-JPL-OSR-Challenge/simulation_ws/install/rover_description;/opt/ros/melodic
[1.798s] -- Found PythonInterp: /usr/bin/python2 (found suitable version "2.7.17", minimum required is "2") 
[1.798s] -- Using PYTHON_EXECUTABLE: /usr/bin/python2
[1.799s] -- Using Debian Python package layout
[1.800s] -- Using empy: /usr/bin/empy
[2.062s] -- Using CATKIN_ENABLE_TESTING: ON
[2.062s] -- Call enable_testing()
[2.064s] -- Using CATKIN_TEST_RESULTS_DIR: /home/zero/Documents/challenge/AWS-JPL-OSR-Challenge/simulation_ws/build/mars/test_results
[2.091s] -- Found gtest sources under '/usr/src/googletest': gtests will be built
[2.091s] -- Found gmock sources under '/usr/src/googletest': gmock will be built
[2.112s] -- Found PythonInterp: /usr/bin/python2 (found version "2.7.17") 
[2.113s] -- Looking for pthread.h
[2.272s] -- Looking for pthread.h - found
[2.273s] -- Looking for pthread_create
[2.435s] -- Looking for pthread_create - not found
[2.435s] -- Looking for pthread_create in pthreads
[2.613s] -- Looking for pthread_create in pthreads - not found
[2.614s] -- Looking for pthread_create in pthread
[2.780s] -- Looking for pthread_create in pthread - found
[2.784s] -- Found Threads: TRUE  
[2.792s] -- Using Python nosetests: /usr/bin/nosetests-2.7
[2.877s] -- catkin 0.7.20
[2.877s] -- BUILD_SHARED_LIBS is on
[3.328s] -- Using these message generators: gencpp;geneus;genlisp;gennodejs;genpy
[4.147s] -- Configuring done
[4.236s] -- Generating done
[4.263s] -- Build files have been written to: /home/zero/Documents/challenge/AWS-JPL-OSR-Challenge/simulation_ws/build/mars
[4.269s] Invoked command in '/home/zero/Documents/challenge/AWS-JPL-OSR-Challenge/simulation_ws/build/mars' returned '0': CMAKE_PREFIX_PATH=/home/zero/Documents/challenge/AWS-JPL-OSR-Challenge/simulation_ws/install/rover_description:${CMAKE_PREFIX_PATH} PKG_CONFIG_PATH=/home/zero/Documents/challenge/AWS-JPL-OSR-Challenge/simulation_ws/install/rover_description/lib/x86_64-linux-gnu/pkgconfig:/home/zero/Documents/challenge/AWS-JPL-OSR-Challenge/simulation_ws/install/rover_description/lib/pkgconfig:${PKG_CONFIG_PATH} ROS_PACKAGE_PATH=/home/zero/Documents/challenge/AWS-JPL-OSR-Challenge/simulation_ws/install/rover_description/share:${ROS_PACKAGE_PATH} /usr/bin/cmake /home/zero/Documents/challenge/AWS-JPL-OSR-Challenge/simulation_ws/src/mars -DCATKIN_INSTALL_INTO_PREFIX_ROOT=0 -DCMAKE_INSTALL_PREFIX=/home/zero/Documents/challenge/AWS-JPL-OSR-Challenge/simulation_ws/install/mars
[4.271s] Invoking command in '/home/zero/Documents/challenge/AWS-JPL-OSR-Challenge/simulation_ws/build/mars': CMAKE_PREFIX_PATH=/home/zero/Documents/challenge/AWS-JPL-OSR-Challenge/simulation_ws/install/rover_description:${CMAKE_PREFIX_PATH} PKG_CONFIG_PATH=/home/zero/Documents/challenge/AWS-JPL-OSR-Challenge/simulation_ws/install/rover_description/lib/x86_64-linux-gnu/pkgconfig:/home/zero/Documents/challenge/AWS-JPL-OSR-Challenge/simulation_ws/install/rover_description/lib/pkgconfig:${PKG_CONFIG_PATH} ROS_PACKAGE_PATH=/home/zero/Documents/challenge/AWS-JPL-OSR-Challenge/simulation_ws/install/rover_description/share:${ROS_PACKAGE_PATH} /usr/bin/cmake --build /home/zero/Documents/challenge/AWS-JPL-OSR-Challenge/simulation_ws/build/mars -- -j4 -l4
[4.470s] Invoked command in '/home/zero/Documents/challenge/AWS-JPL-OSR-Challenge/simulation_ws/build/mars' returned '0': CMAKE_PREFIX_PATH=/home/zero/Documents/challenge/AWS-JPL-OSR-Challenge/simulation_ws/install/rover_description:${CMAKE_PREFIX_PATH} PKG_CONFIG_PATH=/home/zero/Documents/challenge/AWS-JPL-OSR-Challenge/simulation_ws/install/rover_description/lib/x86_64-linux-gnu/pkgconfig:/home/zero/Documents/challenge/AWS-JPL-OSR-Challenge/simulation_ws/install/rover_description/lib/pkgconfig:${PKG_CONFIG_PATH} ROS_PACKAGE_PATH=/home/zero/Documents/challenge/AWS-JPL-OSR-Challenge/simulation_ws/install/rover_description/share:${ROS_PACKAGE_PATH} /usr/bin/cmake --build /home/zero/Documents/challenge/AWS-JPL-OSR-Challenge/simulation_ws/build/mars -- -j4 -l4
[5.848s] Invoking command in '/home/zero/Documents/challenge/AWS-JPL-OSR-Challenge/simulation_ws/build/mars': CMAKE_PREFIX_PATH=/home/zero/Documents/challenge/AWS-JPL-OSR-Challenge/simulation_ws/install/rover_description:${CMAKE_PREFIX_PATH} PKG_CONFIG_PATH=/home/zero/Documents/challenge/AWS-JPL-OSR-Challenge/simulation_ws/install/rover_description/lib/x86_64-linux-gnu/pkgconfig:/home/zero/Documents/challenge/AWS-JPL-OSR-Challenge/simulation_ws/install/rover_description/lib/pkgconfig:${PKG_CONFIG_PATH} ROS_PACKAGE_PATH=/home/zero/Documents/challenge/AWS-JPL-OSR-Challenge/simulation_ws/install/rover_description/share:${ROS_PACKAGE_PATH} /usr/bin/cmake --build /home/zero/Documents/challenge/AWS-JPL-OSR-Challenge/simulation_ws/build/mars --target tests -- -j4 -l4
[6.140s] [35m[1mScanning dependencies of target tests[0m
[6.219s] Built target tests
[6.262s] Invoked command in '/home/zero/Documents/challenge/AWS-JPL-OSR-Challenge/simulation_ws/build/mars' returned '0': CMAKE_PREFIX_PATH=/home/zero/Documents/challenge/AWS-JPL-OSR-Challenge/simulation_ws/install/rover_description:${CMAKE_PREFIX_PATH} PKG_CONFIG_PATH=/home/zero/Documents/challenge/AWS-JPL-OSR-Challenge/simulation_ws/install/rover_description/lib/x86_64-linux-gnu/pkgconfig:/home/zero/Documents/challenge/AWS-JPL-OSR-Challenge/simulation_ws/install/rover_description/lib/pkgconfig:${PKG_CONFIG_PATH} ROS_PACKAGE_PATH=/home/zero/Documents/challenge/AWS-JPL-OSR-Challenge/simulation_ws/install/rover_description/share:${ROS_PACKAGE_PATH} /usr/bin/cmake --build /home/zero/Documents/challenge/AWS-JPL-OSR-Challenge/simulation_ws/build/mars --target tests -- -j4 -l4
[7.596s] Invoking command in '/home/zero/Documents/challenge/AWS-JPL-OSR-Challenge/simulation_ws/build/mars': CMAKE_PREFIX_PATH=/home/zero/Documents/challenge/AWS-JPL-OSR-Challenge/simulation_ws/install/rover_description:${CMAKE_PREFIX_PATH} PKG_CONFIG_PATH=/home/zero/Documents/challenge/AWS-JPL-OSR-Challenge/simulation_ws/install/rover_description/lib/x86_64-linux-gnu/pkgconfig:/home/zero/Documents/challenge/AWS-JPL-OSR-Challenge/simulation_ws/install/rover_description/lib/pkgconfig:${PKG_CONFIG_PATH} ROS_PACKAGE_PATH=/home/zero/Documents/challenge/AWS-JPL-OSR-Challenge/simulation_ws/install/rover_description/share:${ROS_PACKAGE_PATH} /usr/bin/cmake --build /home/zero/Documents/challenge/AWS-JPL-OSR-Challenge/simulation_ws/build/mars --target install -- -j4 -l4
[7.869s] [36mInstall the project...[0m
[7.935s] -- Install configuration: ""
[7.959s] -- Installing: /home/zero/Documents/challenge/AWS-JPL-OSR-Challenge/simulation_ws/install/mars/lib/pkgconfig/mars.pc
[7.959s] -- Installing: /home/zero/Documents/challenge/AWS-JPL-OSR-Challenge/simulation_ws/install/mars/share/mars/cmake/marsConfig.cmake
[7.960s] -- Installing: /home/zero/Documents/challenge/AWS-JPL-OSR-Challenge/simulation_ws/install/mars/share/mars/cmake/marsConfig-version.cmake
[7.960s] -- Installing: /home/zero/Documents/challenge/AWS-JPL-OSR-Challenge/simulation_ws/install/mars/share/mars/package.xml
[7.960s] -- Installing: /home/zero/Documents/challenge/AWS-JPL-OSR-Challenge/simulation_ws/install/mars/share/mars/launch
[7.960s] -- Installing: /home/zero/Documents/challenge/AWS-JPL-OSR-Challenge/simulation_ws/install/mars/share/mars/launch/mars_env_only.launch
[7.964s] -- Installing: /home/zero/Documents/challenge/AWS-JPL-OSR-Challenge/simulation_ws/install/mars/share/mars/launch/rover_mars.launch
[7.965s] -- Installing: /home/zero/Documents/challenge/AWS-JPL-OSR-Challenge/simulation_ws/install/mars/share/mars/launch/mars_full_sim.launch
[7.966s] -- Installing: /home/zero/Documents/challenge/AWS-JPL-OSR-Challenge/simulation_ws/install/mars/share/mars/models
[7.966s] -- Installing: /home/zero/Documents/challenge/AWS-JPL-OSR-Challenge/simulation_ws/install/mars/share/mars/models/jaggedrock
[7.966s] -- Installing: /home/zero/Documents/challenge/AWS-JPL-OSR-Challenge/simulation_ws/install/mars/share/mars/models/jaggedrock/model.sdf
[7.967s] -- Installing: /home/zero/Documents/challenge/AWS-JPL-OSR-Challenge/simulation_ws/install/mars/share/mars/models/jaggedrock/model.config
[7.968s] -- Installing: /home/zero/Documents/challenge/AWS-JPL-OSR-Challenge/simulation_ws/install/mars/share/mars/models/jaggedrock/meshes
[7.968s] -- Installing: /home/zero/Documents/challenge/AWS-JPL-OSR-Challenge/simulation_ws/install/mars/share/mars/models/jaggedrock/meshes/bumpy.jpg
[7.973s] -- Installing: /home/zero/Documents/challenge/AWS-JPL-OSR-Challenge/simulation_ws/install/mars/share/mars/models/jaggedrock/meshes/jaggedrock_texture.dae
[7.979s] -- Installing: /home/zero/Documents/challenge/AWS-JPL-OSR-Challenge/simulation_ws/install/mars/share/mars/models/jaggedrock/meshes/basecolor.jpg
[7.980s] -- Installing: /home/zero/Documents/challenge/AWS-JPL-OSR-Challenge/simulation_ws/install/mars/share/mars/models/terrain
[7.980s] -- Installing: /home/zero/Documents/challenge/AWS-JPL-OSR-Challenge/simulation_ws/install/mars/share/mars/models/terrain/model.sdf
[7.980s] -- Installing: /home/zero/Documents/challenge/AWS-JPL-OSR-Challenge/simulation_ws/install/mars/share/mars/models/terrain/model.config
[7.981s] -- Installing: /home/zero/Documents/challenge/AWS-JPL-OSR-Challenge/simulation_ws/install/mars/share/mars/models/terrain/meshes
[7.981s] -- Installing: /home/zero/Documents/challenge/AWS-JPL-OSR-Challenge/simulation_ws/install/mars/share/mars/models/terrain/meshes/terrain_textured.dae
[7.984s] -- Installing: /home/zero/Documents/challenge/AWS-JPL-OSR-Challenge/simulation_ws/install/mars/share/mars/models/terrain/meshes/terrain.stl
[7.986s] -- Installing: /home/zero/Documents/challenge/AWS-JPL-OSR-Challenge/simulation_ws/install/mars/share/mars/models/terrain/meshes/terrain.dae
[7.989s] -- Installing: /home/zero/Documents/challenge/AWS-JPL-OSR-Challenge/simulation_ws/install/mars/share/mars/models/terrain/meshes/mars_texture_lq.jpg
[7.990s] -- Installing: /home/zero/Documents/challenge/AWS-JPL-OSR-Challenge/simulation_ws/install/mars/share/mars/models/terrain/meshes/reddish-sand.jpg
[7.992s] -- Installing: /home/zero/Documents/challenge/AWS-JPL-OSR-Challenge/simulation_ws/install/mars/share/mars/models/terrain/meshes/mars_texture.jpg
[7.997s] -- Installing: /home/zero/Documents/challenge/AWS-JPL-OSR-Challenge/simulation_ws/install/mars/share/mars/models/crater
[7.997s] -- Installing: /home/zero/Documents/challenge/AWS-JPL-OSR-Challenge/simulation_ws/install/mars/share/mars/models/crater/model.sdf
[7.997s] -- Installing: /home/zero/Documents/challenge/AWS-JPL-OSR-Challenge/simulation_ws/install/mars/share/mars/models/crater/model.config
[7.998s] -- Installing: /home/zero/Documents/challenge/AWS-JPL-OSR-Challenge/simulation_ws/install/mars/share/mars/models/crater/meshes
[7.998s] -- Installing: /home/zero/Documents/challenge/AWS-JPL-OSR-Challenge/simulation_ws/install/mars/share/mars/models/crater/meshes/crater_martian_red.dae
[8.001s] -- Installing: /home/zero/Documents/challenge/AWS-JPL-OSR-Challenge/simulation_ws/install/mars/share/mars/models/crater/meshes/crater4k.stl
[8.004s] -- Installing: /home/zero/Documents/challenge/AWS-JPL-OSR-Challenge/simulation_ws/install/mars/share/mars/models/rock9
[8.004s] -- Installing: /home/zero/Documents/challenge/AWS-JPL-OSR-Challenge/simulation_ws/install/mars/share/mars/models/rock9/model.sdf
[8.005s] -- Installing: /home/zero/Documents/challenge/AWS-JPL-OSR-Challenge/simulation_ws/install/mars/share/mars/models/rock9/model.config
[8.005s] -- Installing: /home/zero/Documents/challenge/AWS-JPL-OSR-Challenge/simulation_ws/install/mars/share/mars/models/rock9/meshes
[8.005s] -- Installing: /home/zero/Documents/challenge/AWS-JPL-OSR-Challenge/simulation_ws/install/mars/share/mars/models/rock9/meshes/rock9.dae
[8.014s] -- Installing: /home/zero/Documents/challenge/AWS-JPL-OSR-Challenge/simulation_ws/install/mars/share/mars/models/rock9/meshes/rock9.stl
[8.017s] -- Installing: /home/zero/Documents/challenge/AWS-JPL-OSR-Challenge/simulation_ws/install/mars/share/mars/models/rock9/meshes/texture.jpg
[8.020s] -- Installing: /home/zero/Documents/challenge/AWS-JPL-OSR-Challenge/simulation_ws/install/mars/share/mars/models/curiosity_path
[8.020s] -- Installing: /home/zero/Documents/challenge/AWS-JPL-OSR-Challenge/simulation_ws/install/mars/share/mars/models/curiosity_path/model.sdf
[8.020s] -- Installing: /home/zero/Documents/challenge/AWS-JPL-OSR-Challenge/simulation_ws/install/mars/share/mars/models/curiosity_path/model.config
[8.021s] -- Installing: /home/zero/Documents/challenge/AWS-JPL-OSR-Challenge/simulation_ws/install/mars/share/mars/models/curiosity_path/meshes
[8.021s] -- Installing: /home/zero/Documents/challenge/AWS-JPL-OSR-Challenge/simulation_ws/install/mars/share/mars/models/curiosity_path/meshes/curiosity_path25k.stl
[8.030s] -- Installing: /home/zero/Documents/challenge/AWS-JPL-OSR-Challenge/simulation_ws/install/mars/share/mars/models/curiosity_path/meshes/mars_texture_lq.jpg
[8.030s] -- Installing: /home/zero/Documents/challenge/AWS-JPL-OSR-Challenge/simulation_ws/install/mars/share/mars/models/curiosity_path/meshes/curiosity_path25k.dae
[8.060s] -- Installing: /home/zero/Documents/challenge/AWS-JPL-OSR-Challenge/simulation_ws/install/mars/share/mars/models/rockformation
[8.061s] -- Installing: /home/zero/Documents/challenge/AWS-JPL-OSR-Challenge/simulation_ws/install/mars/share/mars/models/rockformation/model.sdf
[8.062s] -- Installing: /home/zero/Documents/challenge/AWS-JPL-OSR-Challenge/simulation_ws/install/mars/share/mars/models/rockformation/model.config
[8.063s] -- Installing: /home/zero/Documents/challenge/AWS-JPL-OSR-Challenge/simulation_ws/install/mars/share/mars/models/rockformation/meshes
[8.064s] -- Installing: /home/zero/Documents/challenge/AWS-JPL-OSR-Challenge/simulation_ws/install/mars/share/mars/models/rockformation/meshes/SMALL_RED_BaseColor.png
[8.068s] -- Installing: /home/zero/Documents/challenge/AWS-JPL-OSR-Challenge/simulation_ws/install/mars/share/mars/models/rockformation/meshes/rockformation.dae
[8.078s] -- Installing: /home/zero/Documents/challenge/AWS-JPL-OSR-Challenge/simulation_ws/install/mars/share/mars/worlds
[8.079s] -- Installing: /home/zero/Documents/challenge/AWS-JPL-OSR-Challenge/simulation_ws/install/mars/share/mars/worlds/mars.world
[8.081s] -- Installing: /home/zero/Documents/challenge/AWS-JPL-OSR-Challenge/simulation_ws/install/mars/lib/mars/run_local_rl_agent.sh
[8.096s] Invoked command in '/home/zero/Documents/challenge/AWS-JPL-OSR-Challenge/simulation_ws/build/mars' returned '0': CMAKE_PREFIX_PATH=/home/zero/Documents/challenge/AWS-JPL-OSR-Challenge/simulation_ws/install/rover_description:${CMAKE_PREFIX_PATH} PKG_CONFIG_PATH=/home/zero/Documents/challenge/AWS-JPL-OSR-Challenge/simulation_ws/install/rover_description/lib/x86_64-linux-gnu/pkgconfig:/home/zero/Documents/challenge/AWS-JPL-OSR-Challenge/simulation_ws/install/rover_description/lib/pkgconfig:${PKG_CONFIG_PATH} ROS_PACKAGE_PATH=/home/zero/Documents/challenge/AWS-JPL-OSR-Challenge/simulation_ws/install/rover_description/share:${ROS_PACKAGE_PATH} /usr/bin/cmake --build /home/zero/Documents/challenge/AWS-JPL-OSR-Challenge/simulation_ws/build/mars --target install -- -j4 -l4
