[0.073s] Invoking command in '/home/zero/Documents/challenge/AWS-JPL-OSR-Challenge/simulation_ws/build/rover_description': /usr/bin/cmake /home/zero/Documents/challenge/AWS-JPL-OSR-Challenge/simulation_ws/src/rover/rover_description -DCATKIN_INSTALL_INTO_PREFIX_ROOT=0 -DCMAKE_INSTALL_PREFIX=/home/zero/Documents/challenge/AWS-JPL-OSR-Challenge/simulation_ws/install/rover_description
[0.481s] -- The C compiler identification is GNU 7.5.0
[0.724s] -- The CXX compiler identification is GNU 7.5.0
[0.738s] -- Check for working C compiler: /usr/bin/cc
[0.955s] -- Check for working C compiler: /usr/bin/cc -- works
[0.956s] -- Detecting C compiler ABI info
[1.214s] -- Detecting C compiler ABI info - done
[1.239s] -- Detecting C compile features
[1.646s] -- Detecting C compile features - done
[1.648s] -- Check for working CXX compiler: /usr/bin/c++
[1.823s] -- Check for working CXX compiler: /usr/bin/c++ -- works
[1.824s] -- Detecting CXX compiler ABI info
[1.958s] -- Detecting CXX compiler ABI info - done
[1.972s] -- Detecting CXX compile features
[2.552s] -- Detecting CXX compile features - done
[2.556s] -- Using CATKIN_DEVEL_PREFIX: /home/zero/Documents/challenge/AWS-JPL-OSR-Challenge/simulation_ws/build/rover_description/devel
[2.556s] -- Using CMAKE_PREFIX_PATH: /opt/ros/melodic
[2.557s] -- This workspace overlays: /opt/ros/melodic
[2.581s] -- Found PythonInterp: /usr/bin/python2 (found suitable version "2.7.17", minimum required is "2") 
[2.581s] -- Using PYTHON_EXECUTABLE: /usr/bin/python2
[2.581s] -- Using Debian Python package layout
[2.581s] -- Using empy: /usr/bin/empy
[2.781s] -- Using CATKIN_ENABLE_TESTING: ON
[2.781s] -- Call enable_testing()
[2.784s] -- Using CATKIN_TEST_RESULTS_DIR: /home/zero/Documents/challenge/AWS-JPL-OSR-Challenge/simulation_ws/build/rover_description/test_results
[2.817s] -- Found gtest sources under '/usr/src/googletest': gtests will be built
[2.817s] -- Found gmock sources under '/usr/src/googletest': gmock will be built
[2.856s] -- Found PythonInterp: /usr/bin/python2 (found version "2.7.17") 
[2.857s] -- Looking for pthread.h
[2.960s] -- Looking for pthread.h - found
[2.961s] -- Looking for pthread_create
[3.067s] -- Looking for pthread_create - not found
[3.067s] -- Looking for pthread_create in pthreads
[3.163s] -- Looking for pthread_create in pthreads - not found
[3.163s] -- Looking for pthread_create in pthread
[3.268s] -- Looking for pthread_create in pthread - found
[3.270s] -- Found Threads: TRUE  
[3.277s] -- Using Python nosetests: /usr/bin/nosetests-2.7
[3.341s] -- catkin 0.7.20
[3.341s] -- BUILD_SHARED_LIBS is on
[3.692s] -- Configuring done
[3.716s] -- Generating done
[3.719s] -- Build files have been written to: /home/zero/Documents/challenge/AWS-JPL-OSR-Challenge/simulation_ws/build/rover_description
[3.726s] Invoked command in '/home/zero/Documents/challenge/AWS-JPL-OSR-Challenge/simulation_ws/build/rover_description' returned '0': /usr/bin/cmake /home/zero/Documents/challenge/AWS-JPL-OSR-Challenge/simulation_ws/src/rover/rover_description -DCATKIN_INSTALL_INTO_PREFIX_ROOT=0 -DCMAKE_INSTALL_PREFIX=/home/zero/Documents/challenge/AWS-JPL-OSR-Challenge/simulation_ws/install/rover_description
[3.727s] Invoking command in '/home/zero/Documents/challenge/AWS-JPL-OSR-Challenge/simulation_ws/build/rover_description': /usr/bin/cmake --build /home/zero/Documents/challenge/AWS-JPL-OSR-Challenge/simulation_ws/build/rover_description -- -j4 -l4
[3.796s] Invoked command in '/home/zero/Documents/challenge/AWS-JPL-OSR-Challenge/simulation_ws/build/rover_description' returned '0': /usr/bin/cmake --build /home/zero/Documents/challenge/AWS-JPL-OSR-Challenge/simulation_ws/build/rover_description -- -j4 -l4
[3.843s] Invoking command in '/home/zero/Documents/challenge/AWS-JPL-OSR-Challenge/simulation_ws/build/rover_description': /usr/bin/cmake --build /home/zero/Documents/challenge/AWS-JPL-OSR-Challenge/simulation_ws/build/rover_description --target tests -- -j4 -l4
[3.906s] [35m[1mScanning dependencies of target tests[0m
[3.923s] Built target tests
[3.940s] Invoked command in '/home/zero/Documents/challenge/AWS-JPL-OSR-Challenge/simulation_ws/build/rover_description' returned '0': /usr/bin/cmake --build /home/zero/Documents/challenge/AWS-JPL-OSR-Challenge/simulation_ws/build/rover_description --target tests -- -j4 -l4
[4.001s] Invoking command in '/home/zero/Documents/challenge/AWS-JPL-OSR-Challenge/simulation_ws/build/rover_description': /usr/bin/cmake --build /home/zero/Documents/challenge/AWS-JPL-OSR-Challenge/simulation_ws/build/rover_description --target install -- -j4 -l4
[4.129s] [36mInstall the project...[0m
[4.144s] -- Install configuration: ""
[4.144s] -- Installing: /home/zero/Documents/challenge/AWS-JPL-OSR-Challenge/simulation_ws/install/rover_description/lib/pkgconfig/rover_description.pc
[4.144s] -- Installing: /home/zero/Documents/challenge/AWS-JPL-OSR-Challenge/simulation_ws/install/rover_description/share/rover_description/cmake/rover_descriptionConfig.cmake
[4.144s] -- Installing: /home/zero/Documents/challenge/AWS-JPL-OSR-Challenge/simulation_ws/install/rover_description/share/rover_description/cmake/rover_descriptionConfig-version.cmake
[4.145s] -- Installing: /home/zero/Documents/challenge/AWS-JPL-OSR-Challenge/simulation_ws/install/rover_description/share/rover_description/package.xml
[4.145s] -- Installing: /home/zero/Documents/challenge/AWS-JPL-OSR-Challenge/simulation_ws/install/rover_description/lib/rover_description/motion
[4.145s] -- Installing: /home/zero/Documents/challenge/AWS-JPL-OSR-Challenge/simulation_ws/install/rover_description/share/rover_description//config
[4.145s] -- Installing: /home/zero/Documents/challenge/AWS-JPL-OSR-Challenge/simulation_ws/install/rover_description/share/rover_description//config/rover_control.yaml
[4.146s] -- Installing: /home/zero/Documents/challenge/AWS-JPL-OSR-Challenge/simulation_ws/install/rover_description/share/rover_description//meshes
[4.146s] -- Installing: /home/zero/Documents/challenge/AWS-JPL-OSR-Challenge/simulation_ws/install/rover_description/share/rover_description//meshes/corner_lb.STL
[4.152s] -- Installing: /home/zero/Documents/challenge/AWS-JPL-OSR-Challenge/simulation_ws/install/rover_description/share/rover_description//meshes/bogie_left.dae
[4.170s] -- Installing: /home/zero/Documents/challenge/AWS-JPL-OSR-Challenge/simulation_ws/install/rover_description/share/rover_description//meshes/bogie_right.STL
[4.174s] -- Installing: /home/zero/Documents/challenge/AWS-JPL-OSR-Challenge/simulation_ws/install/rover_description/share/rover_description//meshes/wheel_rb.dae
[4.179s] -- Installing: /home/zero/Documents/challenge/AWS-JPL-OSR-Challenge/simulation_ws/install/rover_description/share/rover_description//meshes/rover_texture.jpg
[4.181s] -- Installing: /home/zero/Documents/challenge/AWS-JPL-OSR-Challenge/simulation_ws/install/rover_description/share/rover_description//meshes/wheel_rm.STL
[4.183s] -- Installing: /home/zero/Documents/challenge/AWS-JPL-OSR-Challenge/simulation_ws/install/rover_description/share/rover_description//meshes/rocker_right_col.STL
[4.184s] -- Installing: /home/zero/Documents/challenge/AWS-JPL-OSR-Challenge/simulation_ws/install/rover_description/share/rover_description//meshes/bogie_right.dae
[4.200s] -- Installing: /home/zero/Documents/challenge/AWS-JPL-OSR-Challenge/simulation_ws/install/rover_description/share/rover_description//meshes/wheel_lf.dae
[4.205s] -- Installing: /home/zero/Documents/challenge/AWS-JPL-OSR-Challenge/simulation_ws/install/rover_description/share/rover_description//meshes/wheel_lm.dae
[4.210s] -- Installing: /home/zero/Documents/challenge/AWS-JPL-OSR-Challenge/simulation_ws/install/rover_description/share/rover_description//meshes/wheel_rm_col.STL
[4.212s] -- Installing: /home/zero/Documents/challenge/AWS-JPL-OSR-Challenge/simulation_ws/install/rover_description/share/rover_description//meshes/wheel_lf.STL
[4.215s] -- Installing: /home/zero/Documents/challenge/AWS-JPL-OSR-Challenge/simulation_ws/install/rover_description/share/rover_description//meshes/lds.stl
[4.227s] -- Installing: /home/zero/Documents/challenge/AWS-JPL-OSR-Challenge/simulation_ws/install/rover_description/share/rover_description//meshes/corner_lb_col.STL
[4.228s] -- Installing: /home/zero/Documents/challenge/AWS-JPL-OSR-Challenge/simulation_ws/install/rover_description/share/rover_description//meshes/body_col.STL
[4.229s] -- Installing: /home/zero/Documents/challenge/AWS-JPL-OSR-Challenge/simulation_ws/install/rover_description/share/rover_description//meshes/wheel_lm.STL
[4.231s] -- Installing: /home/zero/Documents/challenge/AWS-JPL-OSR-Challenge/simulation_ws/install/rover_description/share/rover_description//meshes/body.dae
[4.246s] -- Installing: /home/zero/Documents/challenge/AWS-JPL-OSR-Challenge/simulation_ws/install/rover_description/share/rover_description//meshes/rocker_left_col.STL
[4.247s] -- Installing: /home/zero/Documents/challenge/AWS-JPL-OSR-Challenge/simulation_ws/install/rover_description/share/rover_description//meshes/corner_rb.dae
[4.256s] -- Installing: /home/zero/Documents/challenge/AWS-JPL-OSR-Challenge/simulation_ws/install/rover_description/share/rover_description//meshes/wheel_lb.STL
[4.258s] -- Installing: /home/zero/Documents/challenge/AWS-JPL-OSR-Challenge/simulation_ws/install/rover_description/share/rover_description//meshes/bogie_left.STL
[4.265s] -- Installing: /home/zero/Documents/challenge/AWS-JPL-OSR-Challenge/simulation_ws/install/rover_description/share/rover_description//meshes/wheel_lb_col.STL
[4.265s] -- Installing: /home/zero/Documents/challenge/AWS-JPL-OSR-Challenge/simulation_ws/install/rover_description/share/rover_description//meshes/wheel_rb_col.STL
[4.266s] -- Installing: /home/zero/Documents/challenge/AWS-JPL-OSR-Challenge/simulation_ws/install/rover_description/share/rover_description//meshes/wheel_lb.dae
[4.270s] -- Installing: /home/zero/Documents/challenge/AWS-JPL-OSR-Challenge/simulation_ws/install/rover_description/share/rover_description//meshes/corner_rf_col.STL
[4.270s] -- Installing: /home/zero/Documents/challenge/AWS-JPL-OSR-Challenge/simulation_ws/install/rover_description/share/rover_description//meshes/corner_rb_col.STL
[4.271s] -- Installing: /home/zero/Documents/challenge/AWS-JPL-OSR-Challenge/simulation_ws/install/rover_description/share/rover_description//meshes/wheel_rf.dae
[4.275s] -- Installing: /home/zero/Documents/challenge/AWS-JPL-OSR-Challenge/simulation_ws/install/rover_description/share/rover_description//meshes/wheel_lf_col.STL
[4.275s] -- Installing: /home/zero/Documents/challenge/AWS-JPL-OSR-Challenge/simulation_ws/install/rover_description/share/rover_description//meshes/corner_rf.dae
[4.285s] -- Installing: /home/zero/Documents/challenge/AWS-JPL-OSR-Challenge/simulation_ws/install/rover_description/share/rover_description//meshes/corner_lf_col.STL
[4.285s] -- Installing: /home/zero/Documents/challenge/AWS-JPL-OSR-Challenge/simulation_ws/install/rover_description/share/rover_description//meshes/wheel_rm.dae
[4.289s] -- Installing: /home/zero/Documents/challenge/AWS-JPL-OSR-Challenge/simulation_ws/install/rover_description/share/rover_description//meshes/wheel_rb.STL
[4.291s] -- Installing: /home/zero/Documents/challenge/AWS-JPL-OSR-Challenge/simulation_ws/install/rover_description/share/rover_description//meshes/corner_lf.STL
[4.296s] -- Installing: /home/zero/Documents/challenge/AWS-JPL-OSR-Challenge/simulation_ws/install/rover_description/share/rover_description//meshes/wheel_rf.STL
[4.298s] -- Installing: /home/zero/Documents/challenge/AWS-JPL-OSR-Challenge/simulation_ws/install/rover_description/share/rover_description//meshes/rocker_left.dae
[4.317s] -- Installing: /home/zero/Documents/challenge/AWS-JPL-OSR-Challenge/simulation_ws/install/rover_description/share/rover_description//meshes/corner_lb.dae
[4.326s] -- Installing: /home/zero/Documents/challenge/AWS-JPL-OSR-Challenge/simulation_ws/install/rover_description/share/rover_description//meshes/rocker_right.STL
[4.334s] -- Installing: /home/zero/Documents/challenge/AWS-JPL-OSR-Challenge/simulation_ws/install/rover_description/share/rover_description//meshes/corner_rf.STL
[4.339s] -- Installing: /home/zero/Documents/challenge/AWS-JPL-OSR-Challenge/simulation_ws/install/rover_description/share/rover_description//meshes/rocker_right.dae
[4.350s] -- Installing: /home/zero/Documents/challenge/AWS-JPL-OSR-Challenge/simulation_ws/install/rover_description/share/rover_description//meshes/wheel_rf_col.STL
[4.351s] -- Installing: /home/zero/Documents/challenge/AWS-JPL-OSR-Challenge/simulation_ws/install/rover_description/share/rover_description//meshes/corner_lf.dae
[4.357s] -- Installing: /home/zero/Documents/challenge/AWS-JPL-OSR-Challenge/simulation_ws/install/rover_description/share/rover_description//meshes/bogie_right_col.STL
[4.358s] -- Installing: /home/zero/Documents/challenge/AWS-JPL-OSR-Challenge/simulation_ws/install/rover_description/share/rover_description//meshes/corner_rb.STL
[4.361s] -- Installing: /home/zero/Documents/challenge/AWS-JPL-OSR-Challenge/simulation_ws/install/rover_description/share/rover_description//meshes/body_bright.dae
[4.372s] -- Installing: /home/zero/Documents/challenge/AWS-JPL-OSR-Challenge/simulation_ws/install/rover_description/share/rover_description//meshes/body.STL
[4.378s] -- Installing: /home/zero/Documents/challenge/AWS-JPL-OSR-Challenge/simulation_ws/install/rover_description/share/rover_description//meshes/wheel_lm_col.STL
[4.379s] -- Installing: /home/zero/Documents/challenge/AWS-JPL-OSR-Challenge/simulation_ws/install/rover_description/share/rover_description//meshes/bogie_left_col.STL
[4.380s] -- Installing: /home/zero/Documents/challenge/AWS-JPL-OSR-Challenge/simulation_ws/install/rover_description/share/rover_description//meshes/tire_texture.jpg
[4.383s] -- Installing: /home/zero/Documents/challenge/AWS-JPL-OSR-Challenge/simulation_ws/install/rover_description/share/rover_description//meshes/rocker_left.STL
[4.389s] -- Installing: /home/zero/Documents/challenge/AWS-JPL-OSR-Challenge/simulation_ws/install/rover_description/share/rover_description//urdf
[4.390s] -- Installing: /home/zero/Documents/challenge/AWS-JPL-OSR-Challenge/simulation_ws/install/rover_description/share/rover_description//urdf/rover_description.urdf
[4.399s] Invoked command in '/home/zero/Documents/challenge/AWS-JPL-OSR-Challenge/simulation_ws/build/rover_description' returned '0': /usr/bin/cmake --build /home/zero/Documents/challenge/AWS-JPL-OSR-Challenge/simulation_ws/build/rover_description --target install -- -j4 -l4
