/home/zero/Documents/challenge/AWS-JPL-OSR-Challenge/simulation_ws/install/markov/lib/python3.6/site-packages/markov/model_evaluation.py
/home/zero/Documents/challenge/AWS-JPL-OSR-Challenge/simulation_ws/install/markov/lib/python3.6/site-packages/markov/utils.py
/home/zero/Documents/challenge/AWS-JPL-OSR-Challenge/simulation_ws/install/markov/lib/python3.6/site-packages/markov/rover_agent.py
/home/zero/Documents/challenge/AWS-JPL-OSR-Challenge/simulation_ws/install/markov/lib/python3.6/site-packages/markov/s3_boto_data_store.py
/home/zero/Documents/challenge/AWS-JPL-OSR-Challenge/simulation_ws/install/markov/lib/python3.6/site-packages/markov/__init__.py
/home/zero/Documents/challenge/AWS-JPL-OSR-Challenge/simulation_ws/install/markov/lib/python3.6/site-packages/markov/environments/training_env.py
/home/zero/Documents/challenge/AWS-JPL-OSR-Challenge/simulation_ws/install/markov/lib/python3.6/site-packages/markov/environments/mars_env.py
/home/zero/Documents/challenge/AWS-JPL-OSR-Challenge/simulation_ws/install/markov/lib/python3.6/site-packages/markov/environments/__init__.py
/home/zero/Documents/challenge/AWS-JPL-OSR-Challenge/simulation_ws/install/markov/lib/python3.6/site-packages/markov/presets/training_grounds.py
/home/zero/Documents/challenge/AWS-JPL-OSR-Challenge/simulation_ws/install/markov/lib/python3.6/site-packages/markov/presets/__init__.py
/home/zero/Documents/challenge/AWS-JPL-OSR-Challenge/simulation_ws/install/markov/lib/python3.6/site-packages/markov/presets/mars_presets.py
/home/zero/Documents/challenge/AWS-JPL-OSR-Challenge/simulation_ws/install/markov/lib/python3.6/site-packages/markov/__pycache__/model_evaluation.cpython-36.pyc
/home/zero/Documents/challenge/AWS-JPL-OSR-Challenge/simulation_ws/install/markov/lib/python3.6/site-packages/markov/__pycache__/utils.cpython-36.pyc
/home/zero/Documents/challenge/AWS-JPL-OSR-Challenge/simulation_ws/install/markov/lib/python3.6/site-packages/markov/__pycache__/rover_agent.cpython-36.pyc
/home/zero/Documents/challenge/AWS-JPL-OSR-Challenge/simulation_ws/install/markov/lib/python3.6/site-packages/markov/__pycache__/s3_boto_data_store.cpython-36.pyc
/home/zero/Documents/challenge/AWS-JPL-OSR-Challenge/simulation_ws/install/markov/lib/python3.6/site-packages/markov/__pycache__/__init__.cpython-36.pyc
/home/zero/Documents/challenge/AWS-JPL-OSR-Challenge/simulation_ws/install/markov/lib/python3.6/site-packages/markov/environments/__pycache__/training_env.cpython-36.pyc
/home/zero/Documents/challenge/AWS-JPL-OSR-Challenge/simulation_ws/install/markov/lib/python3.6/site-packages/markov/environments/__pycache__/mars_env.cpython-36.pyc
/home/zero/Documents/challenge/AWS-JPL-OSR-Challenge/simulation_ws/install/markov/lib/python3.6/site-packages/markov/environments/__pycache__/__init__.cpython-36.pyc
/home/zero/Documents/challenge/AWS-JPL-OSR-Challenge/simulation_ws/install/markov/lib/python3.6/site-packages/markov/presets/__pycache__/training_grounds.cpython-36.pyc
/home/zero/Documents/challenge/AWS-JPL-OSR-Challenge/simulation_ws/install/markov/lib/python3.6/site-packages/markov/presets/__pycache__/__init__.cpython-36.pyc
/home/zero/Documents/challenge/AWS-JPL-OSR-Challenge/simulation_ws/install/markov/lib/python3.6/site-packages/markov/presets/__pycache__/mars_presets.cpython-36.pyc
/home/zero/Documents/challenge/AWS-JPL-OSR-Challenge/simulation_ws/install/markov/lib/python3.6/site-packages/markov-0.1.1-py3.6.egg-info/requires.txt
/home/zero/Documents/challenge/AWS-JPL-OSR-Challenge/simulation_ws/install/markov/lib/python3.6/site-packages/markov-0.1.1-py3.6.egg-info/dependency_links.txt
/home/zero/Documents/challenge/AWS-JPL-OSR-Challenge/simulation_ws/install/markov/lib/python3.6/site-packages/markov-0.1.1-py3.6.egg-info/top_level.txt
/home/zero/Documents/challenge/AWS-JPL-OSR-Challenge/simulation_ws/install/markov/lib/python3.6/site-packages/markov-0.1.1-py3.6.egg-info/not-zip-safe
/home/zero/Documents/challenge/AWS-JPL-OSR-Challenge/simulation_ws/install/markov/lib/python3.6/site-packages/markov-0.1.1-py3.6.egg-info/SOURCES.txt
/home/zero/Documents/challenge/AWS-JPL-OSR-Challenge/simulation_ws/install/markov/lib/python3.6/site-packages/markov-0.1.1-py3.6.egg-info/entry_points.txt
/home/zero/Documents/challenge/AWS-JPL-OSR-Challenge/simulation_ws/install/markov/lib/python3.6/site-packages/markov-0.1.1-py3.6.egg-info/PKG-INFO
/home/zero/Documents/challenge/AWS-JPL-OSR-Challenge/simulation_ws/install/markov/bin/run_local_rl_agent
