Determining if the pthread_create exist failed with the following output:
Change Dir: /home/zero/Documents/challenge/AWS-JPL-OSR-Challenge/simulation_ws/build/training_grounds/CMakeFiles/CMakeTmp

Run Build Command:"/usr/bin/make" "cmTC_d69ec/fast"
/usr/bin/make -f CMakeFiles/cmTC_d69ec.dir/build.make CMakeFiles/cmTC_d69ec.dir/build
make[1]: Entering directory '/home/zero/Documents/challenge/AWS-JPL-OSR-Challenge/simulation_ws/build/training_grounds/CMakeFiles/CMakeTmp'
Building C object CMakeFiles/cmTC_d69ec.dir/CheckSymbolExists.c.o
/usr/bin/cc    -o CMakeFiles/cmTC_d69ec.dir/CheckSymbolExists.c.o   -c /home/zero/Documents/challenge/AWS-JPL-OSR-Challenge/simulation_ws/build/training_grounds/CMakeFiles/CMakeTmp/CheckSymbolExists.c
Linking C executable cmTC_d69ec
/usr/bin/cmake -E cmake_link_script CMakeFiles/cmTC_d69ec.dir/link.txt --verbose=1
/usr/bin/cc      -rdynamic CMakeFiles/cmTC_d69ec.dir/CheckSymbolExists.c.o  -o cmTC_d69ec 
CMakeFiles/cmTC_d69ec.dir/CheckSymbolExists.c.o: In function `main':
CheckSymbolExists.c:(.text+0x1b): undefined reference to `pthread_create'
collect2: error: ld returned 1 exit status
CMakeFiles/cmTC_d69ec.dir/build.make:97: recipe for target 'cmTC_d69ec' failed
make[1]: *** [cmTC_d69ec] Error 1
make[1]: Leaving directory '/home/zero/Documents/challenge/AWS-JPL-OSR-Challenge/simulation_ws/build/training_grounds/CMakeFiles/CMakeTmp'
Makefile:126: recipe for target 'cmTC_d69ec/fast' failed
make: *** [cmTC_d69ec/fast] Error 2

File /home/zero/Documents/challenge/AWS-JPL-OSR-Challenge/simulation_ws/build/training_grounds/CMakeFiles/CMakeTmp/CheckSymbolExists.c:
/* */
#include <pthread.h>

int main(int argc, char** argv)
{
  (void)argv;
#ifndef pthread_create
  return ((int*)(&pthread_create))[argc];
#else
  (void)argc;
  return 0;
#endif
}

Determining if the function pthread_create exists in the pthreads failed with the following output:
Change Dir: /home/zero/Documents/challenge/AWS-JPL-OSR-Challenge/simulation_ws/build/training_grounds/CMakeFiles/CMakeTmp

Run Build Command:"/usr/bin/make" "cmTC_69acb/fast"
/usr/bin/make -f CMakeFiles/cmTC_69acb.dir/build.make CMakeFiles/cmTC_69acb.dir/build
make[1]: Entering directory '/home/zero/Documents/challenge/AWS-JPL-OSR-Challenge/simulation_ws/build/training_grounds/CMakeFiles/CMakeTmp'
Building C object CMakeFiles/cmTC_69acb.dir/CheckFunctionExists.c.o
/usr/bin/cc   -DCHECK_FUNCTION_EXISTS=pthread_create   -o CMakeFiles/cmTC_69acb.dir/CheckFunctionExists.c.o   -c /usr/share/cmake-3.10/Modules/CheckFunctionExists.c
Linking C executable cmTC_69acb
/usr/bin/cmake -E cmake_link_script CMakeFiles/cmTC_69acb.dir/link.txt --verbose=1
/usr/bin/cc  -DCHECK_FUNCTION_EXISTS=pthread_create    -rdynamic CMakeFiles/cmTC_69acb.dir/CheckFunctionExists.c.o  -o cmTC_69acb -lpthreads 
/usr/bin/ld: cannot find -lpthreads
collect2: error: ld returned 1 exit status
CMakeFiles/cmTC_69acb.dir/build.make:97: recipe for target 'cmTC_69acb' failed
make[1]: *** [cmTC_69acb] Error 1
make[1]: Leaving directory '/home/zero/Documents/challenge/AWS-JPL-OSR-Challenge/simulation_ws/build/training_grounds/CMakeFiles/CMakeTmp'
Makefile:126: recipe for target 'cmTC_69acb/fast' failed
make: *** [cmTC_69acb/fast] Error 2


