Determining if the pthread_create exist failed with the following output:
Change Dir: /home/zero/Documents/challenge/AWS-JPL-OSR-Challenge/simulation_ws/build/rover_description/CMakeFiles/CMakeTmp

Run Build Command:"/usr/bin/make" "cmTC_c0487/fast"
/usr/bin/make -f CMakeFiles/cmTC_c0487.dir/build.make CMakeFiles/cmTC_c0487.dir/build
make[1]: Entering directory '/home/zero/Documents/challenge/AWS-JPL-OSR-Challenge/simulation_ws/build/rover_description/CMakeFiles/CMakeTmp'
Building C object CMakeFiles/cmTC_c0487.dir/CheckSymbolExists.c.o
/usr/bin/cc    -o CMakeFiles/cmTC_c0487.dir/CheckSymbolExists.c.o   -c /home/zero/Documents/challenge/AWS-JPL-OSR-Challenge/simulation_ws/build/rover_description/CMakeFiles/CMakeTmp/CheckSymbolExists.c
Linking C executable cmTC_c0487
/usr/bin/cmake -E cmake_link_script CMakeFiles/cmTC_c0487.dir/link.txt --verbose=1
/usr/bin/cc      -rdynamic CMakeFiles/cmTC_c0487.dir/CheckSymbolExists.c.o  -o cmTC_c0487 
CMakeFiles/cmTC_c0487.dir/CheckSymbolExists.c.o: In function `main':
CheckSymbolExists.c:(.text+0x1b): undefined reference to `pthread_create'
collect2: error: ld returned 1 exit status
CMakeFiles/cmTC_c0487.dir/build.make:97: recipe for target 'cmTC_c0487' failed
make[1]: *** [cmTC_c0487] Error 1
make[1]: Leaving directory '/home/zero/Documents/challenge/AWS-JPL-OSR-Challenge/simulation_ws/build/rover_description/CMakeFiles/CMakeTmp'
Makefile:126: recipe for target 'cmTC_c0487/fast' failed
make: *** [cmTC_c0487/fast] Error 2

File /home/zero/Documents/challenge/AWS-JPL-OSR-Challenge/simulation_ws/build/rover_description/CMakeFiles/CMakeTmp/CheckSymbolExists.c:
/* */
#include <pthread.h>

int main(int argc, char** argv)
{
  (void)argv;
#ifndef pthread_create
  return ((int*)(&pthread_create))[argc];
#else
  (void)argc;
  return 0;
#endif
}

Determining if the function pthread_create exists in the pthreads failed with the following output:
Change Dir: /home/zero/Documents/challenge/AWS-JPL-OSR-Challenge/simulation_ws/build/rover_description/CMakeFiles/CMakeTmp

Run Build Command:"/usr/bin/make" "cmTC_3ebc7/fast"
/usr/bin/make -f CMakeFiles/cmTC_3ebc7.dir/build.make CMakeFiles/cmTC_3ebc7.dir/build
make[1]: Entering directory '/home/zero/Documents/challenge/AWS-JPL-OSR-Challenge/simulation_ws/build/rover_description/CMakeFiles/CMakeTmp'
Building C object CMakeFiles/cmTC_3ebc7.dir/CheckFunctionExists.c.o
/usr/bin/cc   -DCHECK_FUNCTION_EXISTS=pthread_create   -o CMakeFiles/cmTC_3ebc7.dir/CheckFunctionExists.c.o   -c /usr/share/cmake-3.10/Modules/CheckFunctionExists.c
Linking C executable cmTC_3ebc7
/usr/bin/cmake -E cmake_link_script CMakeFiles/cmTC_3ebc7.dir/link.txt --verbose=1
/usr/bin/cc  -DCHECK_FUNCTION_EXISTS=pthread_create    -rdynamic CMakeFiles/cmTC_3ebc7.dir/CheckFunctionExists.c.o  -o cmTC_3ebc7 -lpthreads 
/usr/bin/ld: cannot find -lpthreads
collect2: error: ld returned 1 exit status
CMakeFiles/cmTC_3ebc7.dir/build.make:97: recipe for target 'cmTC_3ebc7' failed
make[1]: *** [cmTC_3ebc7] Error 1
make[1]: Leaving directory '/home/zero/Documents/challenge/AWS-JPL-OSR-Challenge/simulation_ws/build/rover_description/CMakeFiles/CMakeTmp'
Makefile:126: recipe for target 'cmTC_3ebc7/fast' failed
make: *** [cmTC_3ebc7/fast] Error 2


